<?xml version="1.0" encoding="UTF-8"?>
<testsuite xmlns:xsi="http://www.w3.org/2001/XMLSchema-instance" xsi:noNamespaceSchemaLocation="https://maven.apache.org/surefire/maven-surefire-plugin/xsd/surefire-test-report-3.0.xsd" version="3.0" name="fr.paris.lutece.plugins.contact.web.ContactJspBeanTest" time="2.654" tests="7" errors="7" skipped="0" failures="0">
  <properties>
[...]
</properties>
  <testcase name="testGetModifyContact" classname="fr.paris.lutece.plugins.contact.web.ContactJspBeanTest" time="0.589">
    <error type="java.lang.NullPointerException">java.lang.NullPointerException
</error>
    <system-out><![CDATA[-------------resourcesDir------------/home/dev/DEV/workspace/plugin-lutece/CGI/lutece-cms-plugin-contact/target/lutece/
11:23:32.515 [Lutece-MainThread] ERROR lutece.error - Error loading property file : /home/dev/DEV/workspace/plugin-lutece/CGI/lutece-cms-plugin-contact/target/lutece/WEB-INF/conf/config.properties (Aucun fichier ou dossier de ce type)
java.io.FileNotFoundException: /home/dev/DEV/workspace/plugin-lutece/CGI/lutece-cms-plugin-contact/target/lutece/WEB-INF/conf/config.properties (Aucun fichier ou dossier de ce type)
	at java.io.FileInputStream.open0(Native Method) ~[?:1.8.0_332]
	at java.io.FileInputStream.open(FileInputStream.java:195) ~[?:1.8.0_332]
	at java.io.FileInputStream.<init>(FileInputStream.java:138) ~[?:1.8.0_332]
	at fr.paris.lutece.util.PropertiesService.loadFile(PropertiesService.java:141) [lutece-core-7.0.11-SNAPSHOT.jar:?]
	at fr.paris.lutece.util.PropertiesService.loadFile(PropertiesService.java:126) [lutece-core-7.0.11-SNAPSHOT.jar:?]
	at fr.paris.lutece.util.PropertiesService.addPropertiesFile(PropertiesService.java:86) [lutece-core-7.0.11-SNAPSHOT.jar:?]
	at fr.paris.lutece.util.AppInitPropertiesService.init(AppInitPropertiesService.java:80) [lutece-core-7.0.11-SNAPSHOT.jar:?]
	at fr.paris.lutece.portal.service.util.AppPropertiesService.init(AppPropertiesService.java:73) [lutece-core-7.0.11-SNAPSHOT.jar:?]
	at fr.paris.lutece.portal.service.init.AppInit.initServices(AppInit.java:134) [lutece-core-7.0.11-SNAPSHOT.jar:?]
	at fr.paris.lutece.portal.service.init.AppInit.initServices(AppInit.java:112) [lutece-core-7.0.11-SNAPSHOT.jar:?]
	at fr.paris.lutece.test.LuteceTestCase.setUp(LuteceTestCase.java:104) [library-lutece-unit-testing-4.1.1.jar:?]
	at junit.framework.TestCase.runBare(TestCase.java:140) [junit-4.13.2.jar:4.13.2]
	at junit.framework.TestResult$1.protect(TestResult.java:122) [junit-4.13.2.jar:4.13.2]
	at junit.framework.TestResult.runProtected(TestResult.java:142) [junit-4.13.2.jar:4.13.2]
	at junit.framework.TestResult.run(TestResult.java:125) [junit-4.13.2.jar:4.13.2]
	at junit.framework.TestCase.run(TestCase.java:130) [junit-4.13.2.jar:4.13.2]
	at junit.framework.TestSuite.runTest(TestSuite.java:241) [junit-4.13.2.jar:4.13.2]
	at junit.framework.TestSuite.run(TestSuite.java:236) [junit-4.13.2.jar:4.13.2]
	at org.junit.internal.runners.JUnit38ClassRunner.run(JUnit38ClassRunner.java:90) [junit-4.13.2.jar:4.13.2]
	at org.apache.maven.surefire.junit4.JUnit4Provider.execute(JUnit4Provider.java:365) [surefire-junit4-3.0.0-M3.jar:3.0.0-M3]
	at org.apache.maven.surefire.junit4.JUnit4Provider.executeWithRerun(JUnit4Provider.java:273) [surefire-junit4-3.0.0-M3.jar:3.0.0-M3]
	at org.apache.maven.surefire.junit4.JUnit4Provider.executeTestSet(JUnit4Provider.java:238) [surefire-junit4-3.0.0-M3.jar:3.0.0-M3]
	at org.apache.maven.surefire.junit4.JUnit4Provider.invoke(JUnit4Provider.java:159) [surefire-junit4-3.0.0-M3.jar:3.0.0-M3]
	at org.apache.maven.surefire.booter.ForkedBooter.invokeProviderInSameClassLoader(ForkedBooter.java:384) [surefire-booter-3.0.0-M3.jar:3.0.0-M3]
	at org.apache.maven.surefire.booter.ForkedBooter.runSuitesInProcess(ForkedBooter.java:345) [surefire-booter-3.0.0-M3.jar:3.0.0-M3]
	at org.apache.maven.surefire.booter.ForkedBooter.execute(ForkedBooter.java:126) [surefire-booter-3.0.0-M3.jar:3.0.0-M3]
	at org.apache.maven.surefire.booter.ForkedBooter.main(ForkedBooter.java:418) [surefire-booter-3.0.0-M3.jar:3.0.0-M3]
11:23:32.520 [Lutece-MainThread] ERROR lutece.error - Error loading property file : /home/dev/DEV/workspace/plugin-lutece/CGI/lutece-cms-plugin-contact/target/lutece/WEB-INF/conf/db.properties (Aucun fichier ou dossier de ce type)
java.io.FileNotFoundException: /home/dev/DEV/workspace/plugin-lutece/CGI/lutece-cms-plugin-contact/target/lutece/WEB-INF/conf/db.properties (Aucun fichier ou dossier de ce type)
	at java.io.FileInputStream.open0(Native Method) ~[?:1.8.0_332]
	at java.io.FileInputStream.open(FileInputStream.java:195) ~[?:1.8.0_332]
	at java.io.FileInputStream.<init>(FileInputStream.java:138) ~[?:1.8.0_332]
	at fr.paris.lutece.util.PropertiesService.loadFile(PropertiesService.java:141) [lutece-core-7.0.11-SNAPSHOT.jar:?]
	at fr.paris.lutece.util.PropertiesService.loadFile(PropertiesService.java:126) [lutece-core-7.0.11-SNAPSHOT.jar:?]
	at fr.paris.lutece.util.PropertiesService.addPropertiesFile(PropertiesService.java:86) [lutece-core-7.0.11-SNAPSHOT.jar:?]
	at fr.paris.lutece.util.AppInitPropertiesService.init(AppInitPropertiesService.java:81) [lutece-core-7.0.11-SNAPSHOT.jar:?]
	at fr.paris.lutece.portal.service.util.AppPropertiesService.init(AppPropertiesService.java:73) [lutece-core-7.0.11-SNAPSHOT.jar:?]
	at fr.paris.lutece.portal.service.init.AppInit.initServices(AppInit.java:134) [lutece-core-7.0.11-SNAPSHOT.jar:?]
	at fr.paris.lutece.portal.service.init.AppInit.initServices(AppInit.java:112) [lutece-core-7.0.11-SNAPSHOT.jar:?]
	at fr.paris.lutece.test.LuteceTestCase.setUp(LuteceTestCase.java:104) [library-lutece-unit-testing-4.1.1.jar:?]
	at junit.framework.TestCase.runBare(TestCase.java:140) [junit-4.13.2.jar:4.13.2]
	at junit.framework.TestResult$1.protect(TestResult.java:122) [junit-4.13.2.jar:4.13.2]
	at junit.framework.TestResult.runProtected(TestResult.java:142) [junit-4.13.2.jar:4.13.2]
	at junit.framework.TestResult.run(TestResult.java:125) [junit-4.13.2.jar:4.13.2]
	at junit.framework.TestCase.run(TestCase.java:130) [junit-4.13.2.jar:4.13.2]
	at junit.framework.TestSuite.runTest(TestSuite.java:241) [junit-4.13.2.jar:4.13.2]
	at junit.framework.TestSuite.run(TestSuite.java:236) [junit-4.13.2.jar:4.13.2]
	at org.junit.internal.runners.JUnit38ClassRunner.run(JUnit38ClassRunner.java:90) [junit-4.13.2.jar:4.13.2]
	at org.apache.maven.surefire.junit4.JUnit4Provider.execute(JUnit4Provider.java:365) [surefire-junit4-3.0.0-M3.jar:3.0.0-M3]
	at org.apache.maven.surefire.junit4.JUnit4Provider.executeWithRerun(JUnit4Provider.java:273) [surefire-junit4-3.0.0-M3.jar:3.0.0-M3]
	at org.apache.maven.surefire.junit4.JUnit4Provider.executeTestSet(JUnit4Provider.java:238) [surefire-junit4-3.0.0-M3.jar:3.0.0-M3]
	at org.apache.maven.surefire.junit4.JUnit4Provider.invoke(JUnit4Provider.java:159) [surefire-junit4-3.0.0-M3.jar:3.0.0-M3]
	at org.apache.maven.surefire.booter.ForkedBooter.invokeProviderInSameClassLoader(ForkedBooter.java:384) [surefire-booter-3.0.0-M3.jar:3.0.0-M3]
	at org.apache.maven.surefire.booter.ForkedBooter.runSuitesInProcess(ForkedBooter.java:345) [surefire-booter-3.0.0-M3.jar:3.0.0-M3]
	at org.apache.maven.surefire.booter.ForkedBooter.execute(ForkedBooter.java:126) [surefire-booter-3.0.0-M3.jar:3.0.0-M3]
	at org.apache.maven.surefire.booter.ForkedBooter.main(ForkedBooter.java:418) [surefire-booter-3.0.0-M3.jar:3.0.0-M3]
11:23:32.525 [Lutece-MainThread] ERROR lutece.error - Error loading property file : /home/dev/DEV/workspace/plugin-lutece/CGI/lutece-cms-plugin-contact/target/lutece/WEB-INF/conf/lutece.properties (Aucun fichier ou dossier de ce type)
java.io.FileNotFoundException: /home/dev/DEV/workspace/plugin-lutece/CGI/lutece-cms-plugin-contact/target/lutece/WEB-INF/conf/lutece.properties (Aucun fichier ou dossier de ce type)
	at java.io.FileInputStream.open0(Native Method) ~[?:1.8.0_332]
	at java.io.FileInputStream.open(FileInputStream.java:195) ~[?:1.8.0_332]
	at java.io.FileInputStream.<init>(FileInputStream.java:138) ~[?:1.8.0_332]
	at fr.paris.lutece.util.PropertiesService.loadFile(PropertiesService.java:141) [lutece-core-7.0.11-SNAPSHOT.jar:?]
	at fr.paris.lutece.util.PropertiesService.loadFile(PropertiesService.java:126) [lutece-core-7.0.11-SNAPSHOT.jar:?]
	at fr.paris.lutece.util.PropertiesService.addPropertiesFile(PropertiesService.java:86) [lutece-core-7.0.11-SNAPSHOT.jar:?]
	at fr.paris.lutece.util.AppInitPropertiesService.init(AppInitPropertiesService.java:82) [lutece-core-7.0.11-SNAPSHOT.jar:?]
	at fr.paris.lutece.portal.service.util.AppPropertiesService.init(AppPropertiesService.java:73) [lutece-core-7.0.11-SNAPSHOT.jar:?]
	at fr.paris.lutece.portal.service.init.AppInit.initServices(AppInit.java:134) [lutece-core-7.0.11-SNAPSHOT.jar:?]
	at fr.paris.lutece.portal.service.init.AppInit.initServices(AppInit.java:112) [lutece-core-7.0.11-SNAPSHOT.jar:?]
	at fr.paris.lutece.test.LuteceTestCase.setUp(LuteceTestCase.java:104) [library-lutece-unit-testing-4.1.1.jar:?]
	at junit.framework.TestCase.runBare(TestCase.java:140) [junit-4.13.2.jar:4.13.2]
	at junit.framework.TestResult$1.protect(TestResult.java:122) [junit-4.13.2.jar:4.13.2]
	at junit.framework.TestResult.runProtected(TestResult.java:142) [junit-4.13.2.jar:4.13.2]
	at junit.framework.TestResult.run(TestResult.java:125) [junit-4.13.2.jar:4.13.2]
	at junit.framework.TestCase.run(TestCase.java:130) [junit-4.13.2.jar:4.13.2]
	at junit.framework.TestSuite.runTest(TestSuite.java:241) [junit-4.13.2.jar:4.13.2]
	at junit.framework.TestSuite.run(TestSuite.java:236) [junit-4.13.2.jar:4.13.2]
	at org.junit.internal.runners.JUnit38ClassRunner.run(JUnit38ClassRunner.java:90) [junit-4.13.2.jar:4.13.2]
	at org.apache.maven.surefire.junit4.JUnit4Provider.execute(JUnit4Provider.java:365) [surefire-junit4-3.0.0-M3.jar:3.0.0-M3]
	at org.apache.maven.surefire.junit4.JUnit4Provider.executeWithRerun(JUnit4Provider.java:273) [surefire-junit4-3.0.0-M3.jar:3.0.0-M3]
	at org.apache.maven.surefire.junit4.JUnit4Provider.executeTestSet(JUnit4Provider.java:238) [surefire-junit4-3.0.0-M3.jar:3.0.0-M3]
	at org.apache.maven.surefire.junit4.JUnit4Provider.invoke(JUnit4Provider.java:159) [surefire-junit4-3.0.0-M3.jar:3.0.0-M3]
	at org.apache.maven.surefire.booter.ForkedBooter.invokeProviderInSameClassLoader(ForkedBooter.java:384) [surefire-booter-3.0.0-M3.jar:3.0.0-M3]
	at org.apache.maven.surefire.booter.ForkedBooter.runSuitesInProcess(ForkedBooter.java:345) [surefire-booter-3.0.0-M3.jar:3.0.0-M3]
	at org.apache.maven.surefire.booter.ForkedBooter.execute(ForkedBooter.java:126) [surefire-booter-3.0.0-M3.jar:3.0.0-M3]
	at org.apache.maven.surefire.booter.ForkedBooter.main(ForkedBooter.java:418) [surefire-booter-3.0.0-M3.jar:3.0.0-M3]
11:23:32.539 [Lutece-MainThread] ERROR lutece.error - Error loading property file : /home/dev/DEV/workspace/plugin-lutece/CGI/lutece-cms-plugin-contact/target/lutece/WEB-INF/conf/search.properties (Aucun fichier ou dossier de ce type)
java.io.FileNotFoundException: /home/dev/DEV/workspace/plugin-lutece/CGI/lutece-cms-plugin-contact/target/lutece/WEB-INF/conf/search.properties (Aucun fichier ou dossier de ce type)
	at java.io.FileInputStream.open0(Native Method) ~[?:1.8.0_332]
	at java.io.FileInputStream.open(FileInputStream.java:195) ~[?:1.8.0_332]
	at java.io.FileInputStream.<init>(FileInputStream.java:138) ~[?:1.8.0_332]
	at fr.paris.lutece.util.PropertiesService.loadFile(PropertiesService.java:141) [lutece-core-7.0.11-SNAPSHOT.jar:?]
	at fr.paris.lutece.util.PropertiesService.loadFile(PropertiesService.java:126) [lutece-core-7.0.11-SNAPSHOT.jar:?]
	at fr.paris.lutece.util.PropertiesService.addPropertiesFile(PropertiesService.java:86) [lutece-core-7.0.11-SNAPSHOT.jar:?]
	at fr.paris.lutece.util.AppInitPropertiesService.init(AppInitPropertiesService.java:83) [lutece-core-7.0.11-SNAPSHOT.jar:?]
	at fr.paris.lutece.portal.service.util.AppPropertiesService.init(AppPropertiesService.java:73) [lutece-core-7.0.11-SNAPSHOT.jar:?]
	at fr.paris.lutece.portal.service.init.AppInit.initServices(AppInit.java:134) [lutece-core-7.0.11-SNAPSHOT.jar:?]
	at fr.paris.lutece.portal.service.init.AppInit.initServices(AppInit.java:112) [lutece-core-7.0.11-SNAPSHOT.jar:?]
	at fr.paris.lutece.test.LuteceTestCase.setUp(LuteceTestCase.java:104) [library-lutece-unit-testing-4.1.1.jar:?]
	at junit.framework.TestCase.runBare(TestCase.java:140) [junit-4.13.2.jar:4.13.2]
	at junit.framework.TestResult$1.protect(TestResult.java:122) [junit-4.13.2.jar:4.13.2]
	at junit.framework.TestResult.runProtected(TestResult.java:142) [junit-4.13.2.jar:4.13.2]
	at junit.framework.TestResult.run(TestResult.java:125) [junit-4.13.2.jar:4.13.2]
	at junit.framework.TestCase.run(TestCase.java:130) [junit-4.13.2.jar:4.13.2]
	at junit.framework.TestSuite.runTest(TestSuite.java:241) [junit-4.13.2.jar:4.13.2]
	at junit.framework.TestSuite.run(TestSuite.java:236) [junit-4.13.2.jar:4.13.2]
	at org.junit.internal.runners.JUnit38ClassRunner.run(JUnit38ClassRunner.java:90) [junit-4.13.2.jar:4.13.2]
	at org.apache.maven.surefire.junit4.JUnit4Provider.execute(JUnit4Provider.java:365) [surefire-junit4-3.0.0-M3.jar:3.0.0-M3]
	at org.apache.maven.surefire.junit4.JUnit4Provider.executeWithRerun(JUnit4Provider.java:273) [surefire-junit4-3.0.0-M3.jar:3.0.0-M3]
	at org.apache.maven.surefire.junit4.JUnit4Provider.executeTestSet(JUnit4Provider.java:238) [surefire-junit4-3.0.0-M3.jar:3.0.0-M3]
	at org.apache.maven.surefire.junit4.JUnit4Provider.invoke(JUnit4Provider.java:159) [surefire-junit4-3.0.0-M3.jar:3.0.0-M3]
	at org.apache.maven.surefire.booter.ForkedBooter.invokeProviderInSameClassLoader(ForkedBooter.java:384) [surefire-booter-3.0.0-M3.jar:3.0.0-M3]
	at org.apache.maven.surefire.booter.ForkedBooter.runSuitesInProcess(ForkedBooter.java:345) [surefire-booter-3.0.0-M3.jar:3.0.0-M3]
	at org.apache.maven.surefire.booter.ForkedBooter.execute(ForkedBooter.java:126) [surefire-booter-3.0.0-M3.jar:3.0.0-M3]
	at org.apache.maven.surefire.booter.ForkedBooter.main(ForkedBooter.java:418) [surefire-booter-3.0.0-M3.jar:3.0.0-M3]
11:23:32.542 [Lutece-MainThread] ERROR lutece.error - Error loading property file : /home/dev/DEV/workspace/plugin-lutece/CGI/lutece-cms-plugin-contact/target/lutece/WEB-INF/conf/daemons.properties (Aucun fichier ou dossier de ce type)
java.io.FileNotFoundException: /home/dev/DEV/workspace/plugin-lutece/CGI/lutece-cms-plugin-contact/target/lutece/WEB-INF/conf/daemons.properties (Aucun fichier ou dossier de ce type)
	at java.io.FileInputStream.open0(Native Method) ~[?:1.8.0_332]
	at java.io.FileInputStream.open(FileInputStream.java:195) ~[?:1.8.0_332]
	at java.io.FileInputStream.<init>(FileInputStream.java:138) ~[?:1.8.0_332]
	at fr.paris.lutece.util.PropertiesService.loadFile(PropertiesService.java:141) [lutece-core-7.0.11-SNAPSHOT.jar:?]
	at fr.paris.lutece.util.PropertiesService.loadFile(PropertiesService.java:126) [lutece-core-7.0.11-SNAPSHOT.jar:?]
	at fr.paris.lutece.util.PropertiesService.addPropertiesFile(PropertiesService.java:86) [lutece-core-7.0.11-SNAPSHOT.jar:?]
	at fr.paris.lutece.util.AppInitPropertiesService.init(AppInitPropertiesService.java:84) [lutece-core-7.0.11-SNAPSHOT.jar:?]
	at fr.paris.lutece.portal.service.util.AppPropertiesService.init(AppPropertiesService.java:73) [lutece-core-7.0.11-SNAPSHOT.jar:?]
	at fr.paris.lutece.portal.service.init.AppInit.initServices(AppInit.java:134) [lutece-core-7.0.11-SNAPSHOT.jar:?]
	at fr.paris.lutece.portal.service.init.AppInit.initServices(AppInit.java:112) [lutece-core-7.0.11-SNAPSHOT.jar:?]
	at fr.paris.lutece.test.LuteceTestCase.setUp(LuteceTestCase.java:104) [library-lutece-unit-testing-4.1.1.jar:?]
	at junit.framework.TestCase.runBare(TestCase.java:140) [junit-4.13.2.jar:4.13.2]
	at junit.framework.TestResult$1.protect(TestResult.java:122) [junit-4.13.2.jar:4.13.2]
	at junit.framework.TestResult.runProtected(TestResult.java:142) [junit-4.13.2.jar:4.13.2]
	at junit.framework.TestResult.run(TestResult.java:125) [junit-4.13.2.jar:4.13.2]
	at junit.framework.TestCase.run(TestCase.java:130) [junit-4.13.2.jar:4.13.2]
	at junit.framework.TestSuite.runTest(TestSuite.java:241) [junit-4.13.2.jar:4.13.2]
	at junit.framework.TestSuite.run(TestSuite.java:236) [junit-4.13.2.jar:4.13.2]
	at org.junit.internal.runners.JUnit38ClassRunner.run(JUnit38ClassRunner.java:90) [junit-4.13.2.jar:4.13.2]
	at org.apache.maven.surefire.junit4.JUnit4Provider.execute(JUnit4Provider.java:365) [surefire-junit4-3.0.0-M3.jar:3.0.0-M3]
	at org.apache.maven.surefire.junit4.JUnit4Provider.executeWithRerun(JUnit4Provider.java:273) [surefire-junit4-3.0.0-M3.jar:3.0.0-M3]
	at org.apache.maven.surefire.junit4.JUnit4Provider.executeTestSet(JUnit4Provider.java:238) [surefire-junit4-3.0.0-M3.jar:3.0.0-M3]
	at org.apache.maven.surefire.junit4.JUnit4Provider.invoke(JUnit4Provider.java:159) [surefire-junit4-3.0.0-M3.jar:3.0.0-M3]
	at org.apache.maven.surefire.booter.ForkedBooter.invokeProviderInSameClassLoader(ForkedBooter.java:384) [surefire-booter-3.0.0-M3.jar:3.0.0-M3]
	at org.apache.maven.surefire.booter.ForkedBooter.runSuitesInProcess(ForkedBooter.java:345) [surefire-booter-3.0.0-M3.jar:3.0.0-M3]
	at org.apache.maven.surefire.booter.ForkedBooter.execute(ForkedBooter.java:126) [surefire-booter-3.0.0-M3.jar:3.0.0-M3]
	at org.apache.maven.surefire.booter.ForkedBooter.main(ForkedBooter.java:418) [surefire-booter-3.0.0-M3.jar:3.0.0-M3]
11:23:32.550 [Lutece-MainThread] ERROR lutece.error - Error loading property file : /home/dev/DEV/workspace/plugin-lutece/CGI/lutece-cms-plugin-contact/target/lutece/WEB-INF/conf/caches.properties (Aucun fichier ou dossier de ce type)
java.io.FileNotFoundException: /home/dev/DEV/workspace/plugin-lutece/CGI/lutece-cms-plugin-contact/target/lutece/WEB-INF/conf/caches.properties (Aucun fichier ou dossier de ce type)
	at java.io.FileInputStream.open0(Native Method) ~[?:1.8.0_332]
	at java.io.FileInputStream.open(FileInputStream.java:195) ~[?:1.8.0_332]
	at java.io.FileInputStream.<init>(FileInputStream.java:138) ~[?:1.8.0_332]
	at fr.paris.lutece.util.PropertiesService.loadFile(PropertiesService.java:141) [lutece-core-7.0.11-SNAPSHOT.jar:?]
	at fr.paris.lutece.util.PropertiesService.loadFile(PropertiesService.java:126) [lutece-core-7.0.11-SNAPSHOT.jar:?]
	at fr.paris.lutece.util.PropertiesService.addPropertiesFile(PropertiesService.java:86) [lutece-core-7.0.11-SNAPSHOT.jar:?]
	at fr.paris.lutece.util.AppInitPropertiesService.init(AppInitPropertiesService.java:85) [lutece-core-7.0.11-SNAPSHOT.jar:?]
	at fr.paris.lutece.portal.service.util.AppPropertiesService.init(AppPropertiesService.java:73) [lutece-core-7.0.11-SNAPSHOT.jar:?]
	at fr.paris.lutece.portal.service.init.AppInit.initServices(AppInit.java:134) [lutece-core-7.0.11-SNAPSHOT.jar:?]
	at fr.paris.lutece.portal.service.init.AppInit.initServices(AppInit.java:112) [lutece-core-7.0.11-SNAPSHOT.jar:?]
	at fr.paris.lutece.test.LuteceTestCase.setUp(LuteceTestCase.java:104) [library-lutece-unit-testing-4.1.1.jar:?]
	at junit.framework.TestCase.runBare(TestCase.java:140) [junit-4.13.2.jar:4.13.2]
	at junit.framework.TestResult$1.protect(TestResult.java:122) [junit-4.13.2.jar:4.13.2]
	at junit.framework.TestResult.runProtected(TestResult.java:142) [junit-4.13.2.jar:4.13.2]
	at junit.framework.TestResult.run(TestResult.java:125) [junit-4.13.2.jar:4.13.2]
	at junit.framework.TestCase.run(TestCase.java:130) [junit-4.13.2.jar:4.13.2]
	at junit.framework.TestSuite.runTest(TestSuite.java:241) [junit-4.13.2.jar:4.13.2]
	at junit.framework.TestSuite.run(TestSuite.java:236) [junit-4.13.2.jar:4.13.2]
	at org.junit.internal.runners.JUnit38ClassRunner.run(JUnit38ClassRunner.java:90) [junit-4.13.2.jar:4.13.2]
	at org.apache.maven.surefire.junit4.JUnit4Provider.execute(JUnit4Provider.java:365) [surefire-junit4-3.0.0-M3.jar:3.0.0-M3]
	at org.apache.maven.surefire.junit4.JUnit4Provider.executeWithRerun(JUnit4Provider.java:273) [surefire-junit4-3.0.0-M3.jar:3.0.0-M3]
	at org.apache.maven.surefire.junit4.JUnit4Provider.executeTestSet(JUnit4Provider.java:238) [surefire-junit4-3.0.0-M3.jar:3.0.0-M3]
	at org.apache.maven.surefire.junit4.JUnit4Provider.invoke(JUnit4Provider.java:159) [surefire-junit4-3.0.0-M3.jar:3.0.0-M3]
	at org.apache.maven.surefire.booter.ForkedBooter.invokeProviderInSameClassLoader(ForkedBooter.java:384) [surefire-booter-3.0.0-M3.jar:3.0.0-M3]
	at org.apache.maven.surefire.booter.ForkedBooter.runSuitesInProcess(ForkedBooter.java:345) [surefire-booter-3.0.0-M3.jar:3.0.0-M3]
	at org.apache.maven.surefire.booter.ForkedBooter.execute(ForkedBooter.java:126) [surefire-booter-3.0.0-M3.jar:3.0.0-M3]
	at org.apache.maven.surefire.booter.ForkedBooter.main(ForkedBooter.java:418) [surefire-booter-3.0.0-M3.jar:3.0.0-M3]
11:23:32.574 [Lutece-MainThread] ERROR lutece.error - Error loading property file : /home/dev/DEV/workspace/plugin-lutece/CGI/lutece-cms-plugin-contact/target/lutece/WEB-INF/conf/editors.properties (Aucun fichier ou dossier de ce type)
java.io.FileNotFoundException: /home/dev/DEV/workspace/plugin-lutece/CGI/lutece-cms-plugin-contact/target/lutece/WEB-INF/conf/editors.properties (Aucun fichier ou dossier de ce type)
	at java.io.FileInputStream.open0(Native Method) ~[?:1.8.0_332]
	at java.io.FileInputStream.open(FileInputStream.java:195) ~[?:1.8.0_332]
	at java.io.FileInputStream.<init>(FileInputStream.java:138) ~[?:1.8.0_332]
	at fr.paris.lutece.util.PropertiesService.loadFile(PropertiesService.java:141) [lutece-core-7.0.11-SNAPSHOT.jar:?]
	at fr.paris.lutece.util.PropertiesService.loadFile(PropertiesService.java:126) [lutece-core-7.0.11-SNAPSHOT.jar:?]
	at fr.paris.lutece.util.PropertiesService.addPropertiesFile(PropertiesService.java:86) [lutece-core-7.0.11-SNAPSHOT.jar:?]
	at fr.paris.lutece.util.AppInitPropertiesService.init(AppInitPropertiesService.java:86) [lutece-core-7.0.11-SNAPSHOT.jar:?]
	at fr.paris.lutece.portal.service.util.AppPropertiesService.init(AppPropertiesService.java:73) [lutece-core-7.0.11-SNAPSHOT.jar:?]
	at fr.paris.lutece.portal.service.init.AppInit.initServices(AppInit.java:134) [lutece-core-7.0.11-SNAPSHOT.jar:?]
	at fr.paris.lutece.portal.service.init.AppInit.initServices(AppInit.java:112) [lutece-core-7.0.11-SNAPSHOT.jar:?]
	at fr.paris.lutece.test.LuteceTestCase.setUp(LuteceTestCase.java:104) [library-lutece-unit-testing-4.1.1.jar:?]
	at junit.framework.TestCase.runBare(TestCase.java:140) [junit-4.13.2.jar:4.13.2]
	at junit.framework.TestResult$1.protect(TestResult.java:122) [junit-4.13.2.jar:4.13.2]
	at junit.framework.TestResult.runProtected(TestResult.java:142) [junit-4.13.2.jar:4.13.2]
	at junit.framework.TestResult.run(TestResult.java:125) [junit-4.13.2.jar:4.13.2]
	at junit.framework.TestCase.run(TestCase.java:130) [junit-4.13.2.jar:4.13.2]
	at junit.framework.TestSuite.runTest(TestSuite.java:241) [junit-4.13.2.jar:4.13.2]
	at junit.framework.TestSuite.run(TestSuite.java:236) [junit-4.13.2.jar:4.13.2]
	at org.junit.internal.runners.JUnit38ClassRunner.run(JUnit38ClassRunner.java:90) [junit-4.13.2.jar:4.13.2]
	at org.apache.maven.surefire.junit4.JUnit4Provider.execute(JUnit4Provider.java:365) [surefire-junit4-3.0.0-M3.jar:3.0.0-M3]
	at org.apache.maven.surefire.junit4.JUnit4Provider.executeWithRerun(JUnit4Provider.java:273) [surefire-junit4-3.0.0-M3.jar:3.0.0-M3]
	at org.apache.maven.surefire.junit4.JUnit4Provider.executeTestSet(JUnit4Provider.java:238) [surefire-junit4-3.0.0-M3.jar:3.0.0-M3]
	at org.apache.maven.surefire.junit4.JUnit4Provider.invoke(JUnit4Provider.java:159) [surefire-junit4-3.0.0-M3.jar:3.0.0-M3]
	at org.apache.maven.surefire.booter.ForkedBooter.invokeProviderInSameClassLoader(ForkedBooter.java:384) [surefire-booter-3.0.0-M3.jar:3.0.0-M3]
	at org.apache.maven.surefire.booter.ForkedBooter.runSuitesInProcess(ForkedBooter.java:345) [surefire-booter-3.0.0-M3.jar:3.0.0-M3]
	at org.apache.maven.surefire.booter.ForkedBooter.execute(ForkedBooter.java:126) [surefire-booter-3.0.0-M3.jar:3.0.0-M3]
	at org.apache.maven.surefire.booter.ForkedBooter.main(ForkedBooter.java:418) [surefire-booter-3.0.0-M3.jar:3.0.0-M3]
]]></system-out>
  </testcase>
  <testcase name="testGetManageContactsHome" classname="fr.paris.lutece.plugins.contact.web.ContactJspBeanTest" time="0.478">
    <error type="java.lang.NullPointerException">java.lang.NullPointerException
</error>
    <system-out><![CDATA[-------------resourcesDir------------/home/dev/DEV/workspace/plugin-lutece/CGI/lutece-cms-plugin-contact/target/lutece/
11:23:32.590 [Lutece-MainThread] ERROR lutece.error - Error loading property file : /home/dev/DEV/workspace/plugin-lutece/CGI/lutece-cms-plugin-contact/target/lutece/WEB-INF/conf/config.properties (Aucun fichier ou dossier de ce type)
java.io.FileNotFoundException: /home/dev/DEV/workspace/plugin-lutece/CGI/lutece-cms-plugin-contact/target/lutece/WEB-INF/conf/config.properties (Aucun fichier ou dossier de ce type)
	at java.io.FileInputStream.open0(Native Method) ~[?:1.8.0_332]
	at java.io.FileInputStream.open(FileInputStream.java:195) ~[?:1.8.0_332]
	at java.io.FileInputStream.<init>(FileInputStream.java:138) ~[?:1.8.0_332]
	at fr.paris.lutece.util.PropertiesService.loadFile(PropertiesService.java:141) [lutece-core-7.0.11-SNAPSHOT.jar:?]
	at fr.paris.lutece.util.PropertiesService.loadFile(PropertiesService.java:126) [lutece-core-7.0.11-SNAPSHOT.jar:?]
	at fr.paris.lutece.util.PropertiesService.addPropertiesFile(PropertiesService.java:86) [lutece-core-7.0.11-SNAPSHOT.jar:?]
	at fr.paris.lutece.util.AppInitPropertiesService.init(AppInitPropertiesService.java:80) [lutece-core-7.0.11-SNAPSHOT.jar:?]
	at fr.paris.lutece.portal.service.util.AppPropertiesService.init(AppPropertiesService.java:73) [lutece-core-7.0.11-SNAPSHOT.jar:?]
	at fr.paris.lutece.portal.service.init.AppInit.initServices(AppInit.java:134) [lutece-core-7.0.11-SNAPSHOT.jar:?]
	at fr.paris.lutece.portal.service.init.AppInit.initServices(AppInit.java:112) [lutece-core-7.0.11-SNAPSHOT.jar:?]
	at fr.paris.lutece.test.LuteceTestCase.setUp(LuteceTestCase.java:104) [library-lutece-unit-testing-4.1.1.jar:?]
	at junit.framework.TestCase.runBare(TestCase.java:140) [junit-4.13.2.jar:4.13.2]
	at junit.framework.TestResult$1.protect(TestResult.java:122) [junit-4.13.2.jar:4.13.2]
	at junit.framework.TestResult.runProtected(TestResult.java:142) [junit-4.13.2.jar:4.13.2]
	at junit.framework.TestResult.run(TestResult.java:125) [junit-4.13.2.jar:4.13.2]
	at junit.framework.TestCase.run(TestCase.java:130) [junit-4.13.2.jar:4.13.2]
	at junit.framework.TestSuite.runTest(TestSuite.java:241) [junit-4.13.2.jar:4.13.2]
	at junit.framework.TestSuite.run(TestSuite.java:236) [junit-4.13.2.jar:4.13.2]
	at org.junit.internal.runners.JUnit38ClassRunner.run(JUnit38ClassRunner.java:90) [junit-4.13.2.jar:4.13.2]
	at org.apache.maven.surefire.junit4.JUnit4Provider.execute(JUnit4Provider.java:365) [surefire-junit4-3.0.0-M3.jar:3.0.0-M3]
	at org.apache.maven.surefire.junit4.JUnit4Provider.executeWithRerun(JUnit4Provider.java:273) [surefire-junit4-3.0.0-M3.jar:3.0.0-M3]
	at org.apache.maven.surefire.junit4.JUnit4Provider.executeTestSet(JUnit4Provider.java:238) [surefire-junit4-3.0.0-M3.jar:3.0.0-M3]
	at org.apache.maven.surefire.junit4.JUnit4Provider.invoke(JUnit4Provider.java:159) [surefire-junit4-3.0.0-M3.jar:3.0.0-M3]
	at org.apache.maven.surefire.booter.ForkedBooter.invokeProviderInSameClassLoader(ForkedBooter.java:384) [surefire-booter-3.0.0-M3.jar:3.0.0-M3]
	at org.apache.maven.surefire.booter.ForkedBooter.runSuitesInProcess(ForkedBooter.java:345) [surefire-booter-3.0.0-M3.jar:3.0.0-M3]
	at org.apache.maven.surefire.booter.ForkedBooter.execute(ForkedBooter.java:126) [surefire-booter-3.0.0-M3.jar:3.0.0-M3]
	at org.apache.maven.surefire.booter.ForkedBooter.main(ForkedBooter.java:418) [surefire-booter-3.0.0-M3.jar:3.0.0-M3]
11:23:32.602 [Lutece-MainThread] ERROR lutece.error - Error loading property file : /home/dev/DEV/workspace/plugin-lutece/CGI/lutece-cms-plugin-contact/target/lutece/WEB-INF/conf/db.properties (Aucun fichier ou dossier de ce type)
java.io.FileNotFoundException: /home/dev/DEV/workspace/plugin-lutece/CGI/lutece-cms-plugin-contact/target/lutece/WEB-INF/conf/db.properties (Aucun fichier ou dossier de ce type)
	at java.io.FileInputStream.open0(Native Method) ~[?:1.8.0_332]
	at java.io.FileInputStream.open(FileInputStream.java:195) ~[?:1.8.0_332]
	at java.io.FileInputStream.<init>(FileInputStream.java:138) ~[?:1.8.0_332]
	at fr.paris.lutece.util.PropertiesService.loadFile(PropertiesService.java:141) [lutece-core-7.0.11-SNAPSHOT.jar:?]
	at fr.paris.lutece.util.PropertiesService.loadFile(PropertiesService.java:126) [lutece-core-7.0.11-SNAPSHOT.jar:?]
	at fr.paris.lutece.util.PropertiesService.addPropertiesFile(PropertiesService.java:86) [lutece-core-7.0.11-SNAPSHOT.jar:?]
	at fr.paris.lutece.util.AppInitPropertiesService.init(AppInitPropertiesService.java:81) [lutece-core-7.0.11-SNAPSHOT.jar:?]
	at fr.paris.lutece.portal.service.util.AppPropertiesService.init(AppPropertiesService.java:73) [lutece-core-7.0.11-SNAPSHOT.jar:?]
	at fr.paris.lutece.portal.service.init.AppInit.initServices(AppInit.java:134) [lutece-core-7.0.11-SNAPSHOT.jar:?]
	at fr.paris.lutece.portal.service.init.AppInit.initServices(AppInit.java:112) [lutece-core-7.0.11-SNAPSHOT.jar:?]
	at fr.paris.lutece.test.LuteceTestCase.setUp(LuteceTestCase.java:104) [library-lutece-unit-testing-4.1.1.jar:?]
	at junit.framework.TestCase.runBare(TestCase.java:140) [junit-4.13.2.jar:4.13.2]
	at junit.framework.TestResult$1.protect(TestResult.java:122) [junit-4.13.2.jar:4.13.2]
	at junit.framework.TestResult.runProtected(TestResult.java:142) [junit-4.13.2.jar:4.13.2]
	at junit.framework.TestResult.run(TestResult.java:125) [junit-4.13.2.jar:4.13.2]
	at junit.framework.TestCase.run(TestCase.java:130) [junit-4.13.2.jar:4.13.2]
	at junit.framework.TestSuite.runTest(TestSuite.java:241) [junit-4.13.2.jar:4.13.2]
	at junit.framework.TestSuite.run(TestSuite.java:236) [junit-4.13.2.jar:4.13.2]
	at org.junit.internal.runners.JUnit38ClassRunner.run(JUnit38ClassRunner.java:90) [junit-4.13.2.jar:4.13.2]
	at org.apache.maven.surefire.junit4.JUnit4Provider.execute(JUnit4Provider.java:365) [surefire-junit4-3.0.0-M3.jar:3.0.0-M3]
	at org.apache.maven.surefire.junit4.JUnit4Provider.executeWithRerun(JUnit4Provider.java:273) [surefire-junit4-3.0.0-M3.jar:3.0.0-M3]
	at org.apache.maven.surefire.junit4.JUnit4Provider.executeTestSet(JUnit4Provider.java:238) [surefire-junit4-3.0.0-M3.jar:3.0.0-M3]
	at org.apache.maven.surefire.junit4.JUnit4Provider.invoke(JUnit4Provider.java:159) [surefire-junit4-3.0.0-M3.jar:3.0.0-M3]
	at org.apache.maven.surefire.booter.ForkedBooter.invokeProviderInSameClassLoader(ForkedBooter.java:384) [surefire-booter-3.0.0-M3.jar:3.0.0-M3]
	at org.apache.maven.surefire.booter.ForkedBooter.runSuitesInProcess(ForkedBooter.java:345) [surefire-booter-3.0.0-M3.jar:3.0.0-M3]
	at org.apache.maven.surefire.booter.ForkedBooter.execute(ForkedBooter.java:126) [surefire-booter-3.0.0-M3.jar:3.0.0-M3]
	at org.apache.maven.surefire.booter.ForkedBooter.main(ForkedBooter.java:418) [surefire-booter-3.0.0-M3.jar:3.0.0-M3]
11:23:32.610 [Lutece-MainThread] ERROR lutece.error - Error loading property file : /home/dev/DEV/workspace/plugin-lutece/CGI/lutece-cms-plugin-contact/target/lutece/WEB-INF/conf/lutece.properties (Aucun fichier ou dossier de ce type)
java.io.FileNotFoundException: /home/dev/DEV/workspace/plugin-lutece/CGI/lutece-cms-plugin-contact/target/lutece/WEB-INF/conf/lutece.properties (Aucun fichier ou dossier de ce type)
	at java.io.FileInputStream.open0(Native Method) ~[?:1.8.0_332]
	at java.io.FileInputStream.open(FileInputStream.java:195) ~[?:1.8.0_332]
	at java.io.FileInputStream.<init>(FileInputStream.java:138) ~[?:1.8.0_332]
	at fr.paris.lutece.util.PropertiesService.loadFile(PropertiesService.java:141) [lutece-core-7.0.11-SNAPSHOT.jar:?]
	at fr.paris.lutece.util.PropertiesService.loadFile(PropertiesService.java:126) [lutece-core-7.0.11-SNAPSHOT.jar:?]
	at fr.paris.lutece.util.PropertiesService.addPropertiesFile(PropertiesService.java:86) [lutece-core-7.0.11-SNAPSHOT.jar:?]
	at fr.paris.lutece.util.AppInitPropertiesService.init(AppInitPropertiesService.java:82) [lutece-core-7.0.11-SNAPSHOT.jar:?]
	at fr.paris.lutece.portal.service.util.AppPropertiesService.init(AppPropertiesService.java:73) [lutece-core-7.0.11-SNAPSHOT.jar:?]
	at fr.paris.lutece.portal.service.init.AppInit.initServices(AppInit.java:134) [lutece-core-7.0.11-SNAPSHOT.jar:?]
	at fr.paris.lutece.portal.service.init.AppInit.initServices(AppInit.java:112) [lutece-core-7.0.11-SNAPSHOT.jar:?]
	at fr.paris.lutece.test.LuteceTestCase.setUp(LuteceTestCase.java:104) [library-lutece-unit-testing-4.1.1.jar:?]
	at junit.framework.TestCase.runBare(TestCase.java:140) [junit-4.13.2.jar:4.13.2]
	at junit.framework.TestResult$1.protect(TestResult.java:122) [junit-4.13.2.jar:4.13.2]
	at junit.framework.TestResult.runProtected(TestResult.java:142) [junit-4.13.2.jar:4.13.2]
	at junit.framework.TestResult.run(TestResult.java:125) [junit-4.13.2.jar:4.13.2]
	at junit.framework.TestCase.run(TestCase.java:130) [junit-4.13.2.jar:4.13.2]
	at junit.framework.TestSuite.runTest(TestSuite.java:241) [junit-4.13.2.jar:4.13.2]
	at junit.framework.TestSuite.run(TestSuite.java:236) [junit-4.13.2.jar:4.13.2]
	at org.junit.internal.runners.JUnit38ClassRunner.run(JUnit38ClassRunner.java:90) [junit-4.13.2.jar:4.13.2]
	at org.apache.maven.surefire.junit4.JUnit4Provider.execute(JUnit4Provider.java:365) [surefire-junit4-3.0.0-M3.jar:3.0.0-M3]
	at org.apache.maven.surefire.junit4.JUnit4Provider.executeWithRerun(JUnit4Provider.java:273) [surefire-junit4-3.0.0-M3.jar:3.0.0-M3]
	at org.apache.maven.surefire.junit4.JUnit4Provider.executeTestSet(JUnit4Provider.java:238) [surefire-junit4-3.0.0-M3.jar:3.0.0-M3]
	at org.apache.maven.surefire.junit4.JUnit4Provider.invoke(JUnit4Provider.java:159) [surefire-junit4-3.0.0-M3.jar:3.0.0-M3]
	at org.apache.maven.surefire.booter.ForkedBooter.invokeProviderInSameClassLoader(ForkedBooter.java:384) [surefire-booter-3.0.0-M3.jar:3.0.0-M3]
	at org.apache.maven.surefire.booter.ForkedBooter.runSuitesInProcess(ForkedBooter.java:345) [surefire-booter-3.0.0-M3.jar:3.0.0-M3]
	at org.apache.maven.surefire.booter.ForkedBooter.execute(ForkedBooter.java:126) [surefire-booter-3.0.0-M3.jar:3.0.0-M3]
	at org.apache.maven.surefire.booter.ForkedBooter.main(ForkedBooter.java:418) [surefire-booter-3.0.0-M3.jar:3.0.0-M3]
11:23:32.614 [Lutece-MainThread] ERROR lutece.error - Error loading property file : /home/dev/DEV/workspace/plugin-lutece/CGI/lutece-cms-plugin-contact/target/lutece/WEB-INF/conf/search.properties (Aucun fichier ou dossier de ce type)
java.io.FileNotFoundException: /home/dev/DEV/workspace/plugin-lutece/CGI/lutece-cms-plugin-contact/target/lutece/WEB-INF/conf/search.properties (Aucun fichier ou dossier de ce type)
	at java.io.FileInputStream.open0(Native Method) ~[?:1.8.0_332]
	at java.io.FileInputStream.open(FileInputStream.java:195) ~[?:1.8.0_332]
	at java.io.FileInputStream.<init>(FileInputStream.java:138) ~[?:1.8.0_332]
	at fr.paris.lutece.util.PropertiesService.loadFile(PropertiesService.java:141) [lutece-core-7.0.11-SNAPSHOT.jar:?]
	at fr.paris.lutece.util.PropertiesService.loadFile(PropertiesService.java:126) [lutece-core-7.0.11-SNAPSHOT.jar:?]
	at fr.paris.lutece.util.PropertiesService.addPropertiesFile(PropertiesService.java:86) [lutece-core-7.0.11-SNAPSHOT.jar:?]
	at fr.paris.lutece.util.AppInitPropertiesService.init(AppInitPropertiesService.java:83) [lutece-core-7.0.11-SNAPSHOT.jar:?]
	at fr.paris.lutece.portal.service.util.AppPropertiesService.init(AppPropertiesService.java:73) [lutece-core-7.0.11-SNAPSHOT.jar:?]
	at fr.paris.lutece.portal.service.init.AppInit.initServices(AppInit.java:134) [lutece-core-7.0.11-SNAPSHOT.jar:?]
	at fr.paris.lutece.portal.service.init.AppInit.initServices(AppInit.java:112) [lutece-core-7.0.11-SNAPSHOT.jar:?]
	at fr.paris.lutece.test.LuteceTestCase.setUp(LuteceTestCase.java:104) [library-lutece-unit-testing-4.1.1.jar:?]
	at junit.framework.TestCase.runBare(TestCase.java:140) [junit-4.13.2.jar:4.13.2]
	at junit.framework.TestResult$1.protect(TestResult.java:122) [junit-4.13.2.jar:4.13.2]
	at junit.framework.TestResult.runProtected(TestResult.java:142) [junit-4.13.2.jar:4.13.2]
	at junit.framework.TestResult.run(TestResult.java:125) [junit-4.13.2.jar:4.13.2]
	at junit.framework.TestCase.run(TestCase.java:130) [junit-4.13.2.jar:4.13.2]
	at junit.framework.TestSuite.runTest(TestSuite.java:241) [junit-4.13.2.jar:4.13.2]
	at junit.framework.TestSuite.run(TestSuite.java:236) [junit-4.13.2.jar:4.13.2]
	at org.junit.internal.runners.JUnit38ClassRunner.run(JUnit38ClassRunner.java:90) [junit-4.13.2.jar:4.13.2]
	at org.apache.maven.surefire.junit4.JUnit4Provider.execute(JUnit4Provider.java:365) [surefire-junit4-3.0.0-M3.jar:3.0.0-M3]
	at org.apache.maven.surefire.junit4.JUnit4Provider.executeWithRerun(JUnit4Provider.java:273) [surefire-junit4-3.0.0-M3.jar:3.0.0-M3]
	at org.apache.maven.surefire.junit4.JUnit4Provider.executeTestSet(JUnit4Provider.java:238) [surefire-junit4-3.0.0-M3.jar:3.0.0-M3]
	at org.apache.maven.surefire.junit4.JUnit4Provider.invoke(JUnit4Provider.java:159) [surefire-junit4-3.0.0-M3.jar:3.0.0-M3]
	at org.apache.maven.surefire.booter.ForkedBooter.invokeProviderInSameClassLoader(ForkedBooter.java:384) [surefire-booter-3.0.0-M3.jar:3.0.0-M3]
	at org.apache.maven.surefire.booter.ForkedBooter.runSuitesInProcess(ForkedBooter.java:345) [surefire-booter-3.0.0-M3.jar:3.0.0-M3]
	at org.apache.maven.surefire.booter.ForkedBooter.execute(ForkedBooter.java:126) [surefire-booter-3.0.0-M3.jar:3.0.0-M3]
	at org.apache.maven.surefire.booter.ForkedBooter.main(ForkedBooter.java:418) [surefire-booter-3.0.0-M3.jar:3.0.0-M3]
11:23:32.623 [Lutece-MainThread] ERROR lutece.error - Error loading property file : /home/dev/DEV/workspace/plugin-lutece/CGI/lutece-cms-plugin-contact/target/lutece/WEB-INF/conf/daemons.properties (Aucun fichier ou dossier de ce type)
java.io.FileNotFoundException: /home/dev/DEV/workspace/plugin-lutece/CGI/lutece-cms-plugin-contact/target/lutece/WEB-INF/conf/daemons.properties (Aucun fichier ou dossier de ce type)
	at java.io.FileInputStream.open0(Native Method) ~[?:1.8.0_332]
	at java.io.FileInputStream.open(FileInputStream.java:195) ~[?:1.8.0_332]
	at java.io.FileInputStream.<init>(FileInputStream.java:138) ~[?:1.8.0_332]
	at fr.paris.lutece.util.PropertiesService.loadFile(PropertiesService.java:141) [lutece-core-7.0.11-SNAPSHOT.jar:?]
	at fr.paris.lutece.util.PropertiesService.loadFile(PropertiesService.java:126) [lutece-core-7.0.11-SNAPSHOT.jar:?]
	at fr.paris.lutece.util.PropertiesService.addPropertiesFile(PropertiesService.java:86) [lutece-core-7.0.11-SNAPSHOT.jar:?]
	at fr.paris.lutece.util.AppInitPropertiesService.init(AppInitPropertiesService.java:84) [lutece-core-7.0.11-SNAPSHOT.jar:?]
	at fr.paris.lutece.portal.service.util.AppPropertiesService.init(AppPropertiesService.java:73) [lutece-core-7.0.11-SNAPSHOT.jar:?]
	at fr.paris.lutece.portal.service.init.AppInit.initServices(AppInit.java:134) [lutece-core-7.0.11-SNAPSHOT.jar:?]
	at fr.paris.lutece.portal.service.init.AppInit.initServices(AppInit.java:112) [lutece-core-7.0.11-SNAPSHOT.jar:?]
	at fr.paris.lutece.test.LuteceTestCase.setUp(LuteceTestCase.java:104) [library-lutece-unit-testing-4.1.1.jar:?]
	at junit.framework.TestCase.runBare(TestCase.java:140) [junit-4.13.2.jar:4.13.2]
	at junit.framework.TestResult$1.protect(TestResult.java:122) [junit-4.13.2.jar:4.13.2]
	at junit.framework.TestResult.runProtected(TestResult.java:142) [junit-4.13.2.jar:4.13.2]
	at junit.framework.TestResult.run(TestResult.java:125) [junit-4.13.2.jar:4.13.2]
	at junit.framework.TestCase.run(TestCase.java:130) [junit-4.13.2.jar:4.13.2]
	at junit.framework.TestSuite.runTest(TestSuite.java:241) [junit-4.13.2.jar:4.13.2]
	at junit.framework.TestSuite.run(TestSuite.java:236) [junit-4.13.2.jar:4.13.2]
	at org.junit.internal.runners.JUnit38ClassRunner.run(JUnit38ClassRunner.java:90) [junit-4.13.2.jar:4.13.2]
	at org.apache.maven.surefire.junit4.JUnit4Provider.execute(JUnit4Provider.java:365) [surefire-junit4-3.0.0-M3.jar:3.0.0-M3]
	at org.apache.maven.surefire.junit4.JUnit4Provider.executeWithRerun(JUnit4Provider.java:273) [surefire-junit4-3.0.0-M3.jar:3.0.0-M3]
	at org.apache.maven.surefire.junit4.JUnit4Provider.executeTestSet(JUnit4Provider.java:238) [surefire-junit4-3.0.0-M3.jar:3.0.0-M3]
	at org.apache.maven.surefire.junit4.JUnit4Provider.invoke(JUnit4Provider.java:159) [surefire-junit4-3.0.0-M3.jar:3.0.0-M3]
	at org.apache.maven.surefire.booter.ForkedBooter.invokeProviderInSameClassLoader(ForkedBooter.java:384) [surefire-booter-3.0.0-M3.jar:3.0.0-M3]
	at org.apache.maven.surefire.booter.ForkedBooter.runSuitesInProcess(ForkedBooter.java:345) [surefire-booter-3.0.0-M3.jar:3.0.0-M3]
	at org.apache.maven.surefire.booter.ForkedBooter.execute(ForkedBooter.java:126) [surefire-booter-3.0.0-M3.jar:3.0.0-M3]
	at org.apache.maven.surefire.booter.ForkedBooter.main(ForkedBooter.java:418) [surefire-booter-3.0.0-M3.jar:3.0.0-M3]
11:23:32.626 [Lutece-MainThread] ERROR lutece.error - Error loading property file : /home/dev/DEV/workspace/plugin-lutece/CGI/lutece-cms-plugin-contact/target/lutece/WEB-INF/conf/caches.properties (Aucun fichier ou dossier de ce type)
java.io.FileNotFoundException: /home/dev/DEV/workspace/plugin-lutece/CGI/lutece-cms-plugin-contact/target/lutece/WEB-INF/conf/caches.properties (Aucun fichier ou dossier de ce type)
	at java.io.FileInputStream.open0(Native Method) ~[?:1.8.0_332]
	at java.io.FileInputStream.open(FileInputStream.java:195) ~[?:1.8.0_332]
	at java.io.FileInputStream.<init>(FileInputStream.java:138) ~[?:1.8.0_332]
	at fr.paris.lutece.util.PropertiesService.loadFile(PropertiesService.java:141) [lutece-core-7.0.11-SNAPSHOT.jar:?]
	at fr.paris.lutece.util.PropertiesService.loadFile(PropertiesService.java:126) [lutece-core-7.0.11-SNAPSHOT.jar:?]
	at fr.paris.lutece.util.PropertiesService.addPropertiesFile(PropertiesService.java:86) [lutece-core-7.0.11-SNAPSHOT.jar:?]
	at fr.paris.lutece.util.AppInitPropertiesService.init(AppInitPropertiesService.java:85) [lutece-core-7.0.11-SNAPSHOT.jar:?]
	at fr.paris.lutece.portal.service.util.AppPropertiesService.init(AppPropertiesService.java:73) [lutece-core-7.0.11-SNAPSHOT.jar:?]
	at fr.paris.lutece.portal.service.init.AppInit.initServices(AppInit.java:134) [lutece-core-7.0.11-SNAPSHOT.jar:?]
	at fr.paris.lutece.portal.service.init.AppInit.initServices(AppInit.java:112) [lutece-core-7.0.11-SNAPSHOT.jar:?]
	at fr.paris.lutece.test.LuteceTestCase.setUp(LuteceTestCase.java:104) [library-lutece-unit-testing-4.1.1.jar:?]
	at junit.framework.TestCase.runBare(TestCase.java:140) [junit-4.13.2.jar:4.13.2]
	at junit.framework.TestResult$1.protect(TestResult.java:122) [junit-4.13.2.jar:4.13.2]
	at junit.framework.TestResult.runProtected(TestResult.java:142) [junit-4.13.2.jar:4.13.2]
	at junit.framework.TestResult.run(TestResult.java:125) [junit-4.13.2.jar:4.13.2]
	at junit.framework.TestCase.run(TestCase.java:130) [junit-4.13.2.jar:4.13.2]
	at junit.framework.TestSuite.runTest(TestSuite.java:241) [junit-4.13.2.jar:4.13.2]
	at junit.framework.TestSuite.run(TestSuite.java:236) [junit-4.13.2.jar:4.13.2]
	at org.junit.internal.runners.JUnit38ClassRunner.run(JUnit38ClassRunner.java:90) [junit-4.13.2.jar:4.13.2]
	at org.apache.maven.surefire.junit4.JUnit4Provider.execute(JUnit4Provider.java:365) [surefire-junit4-3.0.0-M3.jar:3.0.0-M3]
	at org.apache.maven.surefire.junit4.JUnit4Provider.executeWithRerun(JUnit4Provider.java:273) [surefire-junit4-3.0.0-M3.jar:3.0.0-M3]
	at org.apache.maven.surefire.junit4.JUnit4Provider.executeTestSet(JUnit4Provider.java:238) [surefire-junit4-3.0.0-M3.jar:3.0.0-M3]
	at org.apache.maven.surefire.junit4.JUnit4Provider.invoke(JUnit4Provider.java:159) [surefire-junit4-3.0.0-M3.jar:3.0.0-M3]
	at org.apache.maven.surefire.booter.ForkedBooter.invokeProviderInSameClassLoader(ForkedBooter.java:384) [surefire-booter-3.0.0-M3.jar:3.0.0-M3]
	at org.apache.maven.surefire.booter.ForkedBooter.runSuitesInProcess(ForkedBooter.java:345) [surefire-booter-3.0.0-M3.jar:3.0.0-M3]
	at org.apache.maven.surefire.booter.ForkedBooter.execute(ForkedBooter.java:126) [surefire-booter-3.0.0-M3.jar:3.0.0-M3]
	at org.apache.maven.surefire.booter.ForkedBooter.main(ForkedBooter.java:418) [surefire-booter-3.0.0-M3.jar:3.0.0-M3]
11:23:32.633 [Lutece-MainThread] ERROR lutece.error - Error loading property file : /home/dev/DEV/workspace/plugin-lutece/CGI/lutece-cms-plugin-contact/target/lutece/WEB-INF/conf/editors.properties (Aucun fichier ou dossier de ce type)
java.io.FileNotFoundException: /home/dev/DEV/workspace/plugin-lutece/CGI/lutece-cms-plugin-contact/target/lutece/WEB-INF/conf/editors.properties (Aucun fichier ou dossier de ce type)
	at java.io.FileInputStream.open0(Native Method) ~[?:1.8.0_332]
	at java.io.FileInputStream.open(FileInputStream.java:195) ~[?:1.8.0_332]
	at java.io.FileInputStream.<init>(FileInputStream.java:138) ~[?:1.8.0_332]
	at fr.paris.lutece.util.PropertiesService.loadFile(PropertiesService.java:141) [lutece-core-7.0.11-SNAPSHOT.jar:?]
	at fr.paris.lutece.util.PropertiesService.loadFile(PropertiesService.java:126) [lutece-core-7.0.11-SNAPSHOT.jar:?]
	at fr.paris.lutece.util.PropertiesService.addPropertiesFile(PropertiesService.java:86) [lutece-core-7.0.11-SNAPSHOT.jar:?]
	at fr.paris.lutece.util.AppInitPropertiesService.init(AppInitPropertiesService.java:86) [lutece-core-7.0.11-SNAPSHOT.jar:?]
	at fr.paris.lutece.portal.service.util.AppPropertiesService.init(AppPropertiesService.java:73) [lutece-core-7.0.11-SNAPSHOT.jar:?]
	at fr.paris.lutece.portal.service.init.AppInit.initServices(AppInit.java:134) [lutece-core-7.0.11-SNAPSHOT.jar:?]
	at fr.paris.lutece.portal.service.init.AppInit.initServices(AppInit.java:112) [lutece-core-7.0.11-SNAPSHOT.jar:?]
	at fr.paris.lutece.test.LuteceTestCase.setUp(LuteceTestCase.java:104) [library-lutece-unit-testing-4.1.1.jar:?]
	at junit.framework.TestCase.runBare(TestCase.java:140) [junit-4.13.2.jar:4.13.2]
	at junit.framework.TestResult$1.protect(TestResult.java:122) [junit-4.13.2.jar:4.13.2]
	at junit.framework.TestResult.runProtected(TestResult.java:142) [junit-4.13.2.jar:4.13.2]
	at junit.framework.TestResult.run(TestResult.java:125) [junit-4.13.2.jar:4.13.2]
	at junit.framework.TestCase.run(TestCase.java:130) [junit-4.13.2.jar:4.13.2]
	at junit.framework.TestSuite.runTest(TestSuite.java:241) [junit-4.13.2.jar:4.13.2]
	at junit.framework.TestSuite.run(TestSuite.java:236) [junit-4.13.2.jar:4.13.2]
	at org.junit.internal.runners.JUnit38ClassRunner.run(JUnit38ClassRunner.java:90) [junit-4.13.2.jar:4.13.2]
	at org.apache.maven.surefire.junit4.JUnit4Provider.execute(JUnit4Provider.java:365) [surefire-junit4-3.0.0-M3.jar:3.0.0-M3]
	at org.apache.maven.surefire.junit4.JUnit4Provider.executeWithRerun(JUnit4Provider.java:273) [surefire-junit4-3.0.0-M3.jar:3.0.0-M3]
	at org.apache.maven.surefire.junit4.JUnit4Provider.executeTestSet(JUnit4Provider.java:238) [surefire-junit4-3.0.0-M3.jar:3.0.0-M3]
	at org.apache.maven.surefire.junit4.JUnit4Provider.invoke(JUnit4Provider.java:159) [surefire-junit4-3.0.0-M3.jar:3.0.0-M3]
	at org.apache.maven.surefire.booter.ForkedBooter.invokeProviderInSameClassLoader(ForkedBooter.java:384) [surefire-booter-3.0.0-M3.jar:3.0.0-M3]
	at org.apache.maven.surefire.booter.ForkedBooter.runSuitesInProcess(ForkedBooter.java:345) [surefire-booter-3.0.0-M3.jar:3.0.0-M3]
	at org.apache.maven.surefire.booter.ForkedBooter.execute(ForkedBooter.java:126) [surefire-booter-3.0.0-M3.jar:3.0.0-M3]
	at org.apache.maven.surefire.booter.ForkedBooter.main(ForkedBooter.java:418) [surefire-booter-3.0.0-M3.jar:3.0.0-M3]
]]></system-out>
  </testcase>
  <testcase name="testDoCreateContact" classname="fr.paris.lutece.plugins.contact.web.ContactJspBeanTest" time="0.249">
    <error type="java.lang.NullPointerException">java.lang.NullPointerException
</error>
    <system-out><![CDATA[-------------resourcesDir------------/home/dev/DEV/workspace/plugin-lutece/CGI/lutece-cms-plugin-contact/target/lutece/
11:23:32.652 [Lutece-MainThread] ERROR lutece.error - Error loading property file : /home/dev/DEV/workspace/plugin-lutece/CGI/lutece-cms-plugin-contact/target/lutece/WEB-INF/conf/config.properties (Aucun fichier ou dossier de ce type)
java.io.FileNotFoundException: /home/dev/DEV/workspace/plugin-lutece/CGI/lutece-cms-plugin-contact/target/lutece/WEB-INF/conf/config.properties (Aucun fichier ou dossier de ce type)
	at java.io.FileInputStream.open0(Native Method) ~[?:1.8.0_332]
	at java.io.FileInputStream.open(FileInputStream.java:195) ~[?:1.8.0_332]
	at java.io.FileInputStream.<init>(FileInputStream.java:138) ~[?:1.8.0_332]
	at fr.paris.lutece.util.PropertiesService.loadFile(PropertiesService.java:141) [lutece-core-7.0.11-SNAPSHOT.jar:?]
	at fr.paris.lutece.util.PropertiesService.loadFile(PropertiesService.java:126) [lutece-core-7.0.11-SNAPSHOT.jar:?]
	at fr.paris.lutece.util.PropertiesService.addPropertiesFile(PropertiesService.java:86) [lutece-core-7.0.11-SNAPSHOT.jar:?]
	at fr.paris.lutece.util.AppInitPropertiesService.init(AppInitPropertiesService.java:80) [lutece-core-7.0.11-SNAPSHOT.jar:?]
	at fr.paris.lutece.portal.service.util.AppPropertiesService.init(AppPropertiesService.java:73) [lutece-core-7.0.11-SNAPSHOT.jar:?]
	at fr.paris.lutece.portal.service.init.AppInit.initServices(AppInit.java:134) [lutece-core-7.0.11-SNAPSHOT.jar:?]
	at fr.paris.lutece.portal.service.init.AppInit.initServices(AppInit.java:112) [lutece-core-7.0.11-SNAPSHOT.jar:?]
	at fr.paris.lutece.test.LuteceTestCase.setUp(LuteceTestCase.java:104) [library-lutece-unit-testing-4.1.1.jar:?]
	at junit.framework.TestCase.runBare(TestCase.java:140) [junit-4.13.2.jar:4.13.2]
	at junit.framework.TestResult$1.protect(TestResult.java:122) [junit-4.13.2.jar:4.13.2]
	at junit.framework.TestResult.runProtected(TestResult.java:142) [junit-4.13.2.jar:4.13.2]
	at junit.framework.TestResult.run(TestResult.java:125) [junit-4.13.2.jar:4.13.2]
	at junit.framework.TestCase.run(TestCase.java:130) [junit-4.13.2.jar:4.13.2]
	at junit.framework.TestSuite.runTest(TestSuite.java:241) [junit-4.13.2.jar:4.13.2]
	at junit.framework.TestSuite.run(TestSuite.java:236) [junit-4.13.2.jar:4.13.2]
	at org.junit.internal.runners.JUnit38ClassRunner.run(JUnit38ClassRunner.java:90) [junit-4.13.2.jar:4.13.2]
	at org.apache.maven.surefire.junit4.JUnit4Provider.execute(JUnit4Provider.java:365) [surefire-junit4-3.0.0-M3.jar:3.0.0-M3]
	at org.apache.maven.surefire.junit4.JUnit4Provider.executeWithRerun(JUnit4Provider.java:273) [surefire-junit4-3.0.0-M3.jar:3.0.0-M3]
	at org.apache.maven.surefire.junit4.JUnit4Provider.executeTestSet(JUnit4Provider.java:238) [surefire-junit4-3.0.0-M3.jar:3.0.0-M3]
	at org.apache.maven.surefire.junit4.JUnit4Provider.invoke(JUnit4Provider.java:159) [surefire-junit4-3.0.0-M3.jar:3.0.0-M3]
	at org.apache.maven.surefire.booter.ForkedBooter.invokeProviderInSameClassLoader(ForkedBooter.java:384) [surefire-booter-3.0.0-M3.jar:3.0.0-M3]
	at org.apache.maven.surefire.booter.ForkedBooter.runSuitesInProcess(ForkedBooter.java:345) [surefire-booter-3.0.0-M3.jar:3.0.0-M3]
	at org.apache.maven.surefire.booter.ForkedBooter.execute(ForkedBooter.java:126) [surefire-booter-3.0.0-M3.jar:3.0.0-M3]
	at org.apache.maven.surefire.booter.ForkedBooter.main(ForkedBooter.java:418) [surefire-booter-3.0.0-M3.jar:3.0.0-M3]
11:23:32.658 [Lutece-MainThread] ERROR lutece.error - Error loading property file : /home/dev/DEV/workspace/plugin-lutece/CGI/lutece-cms-plugin-contact/target/lutece/WEB-INF/conf/db.properties (Aucun fichier ou dossier de ce type)
java.io.FileNotFoundException: /home/dev/DEV/workspace/plugin-lutece/CGI/lutece-cms-plugin-contact/target/lutece/WEB-INF/conf/db.properties (Aucun fichier ou dossier de ce type)
	at java.io.FileInputStream.open0(Native Method) ~[?:1.8.0_332]
	at java.io.FileInputStream.open(FileInputStream.java:195) ~[?:1.8.0_332]
	at java.io.FileInputStream.<init>(FileInputStream.java:138) ~[?:1.8.0_332]
	at fr.paris.lutece.util.PropertiesService.loadFile(PropertiesService.java:141) [lutece-core-7.0.11-SNAPSHOT.jar:?]
	at fr.paris.lutece.util.PropertiesService.loadFile(PropertiesService.java:126) [lutece-core-7.0.11-SNAPSHOT.jar:?]
	at fr.paris.lutece.util.PropertiesService.addPropertiesFile(PropertiesService.java:86) [lutece-core-7.0.11-SNAPSHOT.jar:?]
	at fr.paris.lutece.util.AppInitPropertiesService.init(AppInitPropertiesService.java:81) [lutece-core-7.0.11-SNAPSHOT.jar:?]
	at fr.paris.lutece.portal.service.util.AppPropertiesService.init(AppPropertiesService.java:73) [lutece-core-7.0.11-SNAPSHOT.jar:?]
	at fr.paris.lutece.portal.service.init.AppInit.initServices(AppInit.java:134) [lutece-core-7.0.11-SNAPSHOT.jar:?]
	at fr.paris.lutece.portal.service.init.AppInit.initServices(AppInit.java:112) [lutece-core-7.0.11-SNAPSHOT.jar:?]
	at fr.paris.lutece.test.LuteceTestCase.setUp(LuteceTestCase.java:104) [library-lutece-unit-testing-4.1.1.jar:?]
	at junit.framework.TestCase.runBare(TestCase.java:140) [junit-4.13.2.jar:4.13.2]
	at junit.framework.TestResult$1.protect(TestResult.java:122) [junit-4.13.2.jar:4.13.2]
	at junit.framework.TestResult.runProtected(TestResult.java:142) [junit-4.13.2.jar:4.13.2]
	at junit.framework.TestResult.run(TestResult.java:125) [junit-4.13.2.jar:4.13.2]
	at junit.framework.TestCase.run(TestCase.java:130) [junit-4.13.2.jar:4.13.2]
	at junit.framework.TestSuite.runTest(TestSuite.java:241) [junit-4.13.2.jar:4.13.2]
	at junit.framework.TestSuite.run(TestSuite.java:236) [junit-4.13.2.jar:4.13.2]
	at org.junit.internal.runners.JUnit38ClassRunner.run(JUnit38ClassRunner.java:90) [junit-4.13.2.jar:4.13.2]
	at org.apache.maven.surefire.junit4.JUnit4Provider.execute(JUnit4Provider.java:365) [surefire-junit4-3.0.0-M3.jar:3.0.0-M3]
	at org.apache.maven.surefire.junit4.JUnit4Provider.executeWithRerun(JUnit4Provider.java:273) [surefire-junit4-3.0.0-M3.jar:3.0.0-M3]
	at org.apache.maven.surefire.junit4.JUnit4Provider.executeTestSet(JUnit4Provider.java:238) [surefire-junit4-3.0.0-M3.jar:3.0.0-M3]
	at org.apache.maven.surefire.junit4.JUnit4Provider.invoke(JUnit4Provider.java:159) [surefire-junit4-3.0.0-M3.jar:3.0.0-M3]
	at org.apache.maven.surefire.booter.ForkedBooter.invokeProviderInSameClassLoader(ForkedBooter.java:384) [surefire-booter-3.0.0-M3.jar:3.0.0-M3]
	at org.apache.maven.surefire.booter.ForkedBooter.runSuitesInProcess(ForkedBooter.java:345) [surefire-booter-3.0.0-M3.jar:3.0.0-M3]
	at org.apache.maven.surefire.booter.ForkedBooter.execute(ForkedBooter.java:126) [surefire-booter-3.0.0-M3.jar:3.0.0-M3]
	at org.apache.maven.surefire.booter.ForkedBooter.main(ForkedBooter.java:418) [surefire-booter-3.0.0-M3.jar:3.0.0-M3]
11:23:32.662 [Lutece-MainThread] ERROR lutece.error - Error loading property file : /home/dev/DEV/workspace/plugin-lutece/CGI/lutece-cms-plugin-contact/target/lutece/WEB-INF/conf/lutece.properties (Aucun fichier ou dossier de ce type)
java.io.FileNotFoundException: /home/dev/DEV/workspace/plugin-lutece/CGI/lutece-cms-plugin-contact/target/lutece/WEB-INF/conf/lutece.properties (Aucun fichier ou dossier de ce type)
	at java.io.FileInputStream.open0(Native Method) ~[?:1.8.0_332]
	at java.io.FileInputStream.open(FileInputStream.java:195) ~[?:1.8.0_332]
	at java.io.FileInputStream.<init>(FileInputStream.java:138) ~[?:1.8.0_332]
	at fr.paris.lutece.util.PropertiesService.loadFile(PropertiesService.java:141) [lutece-core-7.0.11-SNAPSHOT.jar:?]
	at fr.paris.lutece.util.PropertiesService.loadFile(PropertiesService.java:126) [lutece-core-7.0.11-SNAPSHOT.jar:?]
	at fr.paris.lutece.util.PropertiesService.addPropertiesFile(PropertiesService.java:86) [lutece-core-7.0.11-SNAPSHOT.jar:?]
	at fr.paris.lutece.util.AppInitPropertiesService.init(AppInitPropertiesService.java:82) [lutece-core-7.0.11-SNAPSHOT.jar:?]
	at fr.paris.lutece.portal.service.util.AppPropertiesService.init(AppPropertiesService.java:73) [lutece-core-7.0.11-SNAPSHOT.jar:?]
	at fr.paris.lutece.portal.service.init.AppInit.initServices(AppInit.java:134) [lutece-core-7.0.11-SNAPSHOT.jar:?]
	at fr.paris.lutece.portal.service.init.AppInit.initServices(AppInit.java:112) [lutece-core-7.0.11-SNAPSHOT.jar:?]
	at fr.paris.lutece.test.LuteceTestCase.setUp(LuteceTestCase.java:104) [library-lutece-unit-testing-4.1.1.jar:?]
	at junit.framework.TestCase.runBare(TestCase.java:140) [junit-4.13.2.jar:4.13.2]
	at junit.framework.TestResult$1.protect(TestResult.java:122) [junit-4.13.2.jar:4.13.2]
	at junit.framework.TestResult.runProtected(TestResult.java:142) [junit-4.13.2.jar:4.13.2]
	at junit.framework.TestResult.run(TestResult.java:125) [junit-4.13.2.jar:4.13.2]
	at junit.framework.TestCase.run(TestCase.java:130) [junit-4.13.2.jar:4.13.2]
	at junit.framework.TestSuite.runTest(TestSuite.java:241) [junit-4.13.2.jar:4.13.2]
	at junit.framework.TestSuite.run(TestSuite.java:236) [junit-4.13.2.jar:4.13.2]
	at org.junit.internal.runners.JUnit38ClassRunner.run(JUnit38ClassRunner.java:90) [junit-4.13.2.jar:4.13.2]
	at org.apache.maven.surefire.junit4.JUnit4Provider.execute(JUnit4Provider.java:365) [surefire-junit4-3.0.0-M3.jar:3.0.0-M3]
	at org.apache.maven.surefire.junit4.JUnit4Provider.executeWithRerun(JUnit4Provider.java:273) [surefire-junit4-3.0.0-M3.jar:3.0.0-M3]
	at org.apache.maven.surefire.junit4.JUnit4Provider.executeTestSet(JUnit4Provider.java:238) [surefire-junit4-3.0.0-M3.jar:3.0.0-M3]
	at org.apache.maven.surefire.junit4.JUnit4Provider.invoke(JUnit4Provider.java:159) [surefire-junit4-3.0.0-M3.jar:3.0.0-M3]
	at org.apache.maven.surefire.booter.ForkedBooter.invokeProviderInSameClassLoader(ForkedBooter.java:384) [surefire-booter-3.0.0-M3.jar:3.0.0-M3]
	at org.apache.maven.surefire.booter.ForkedBooter.runSuitesInProcess(ForkedBooter.java:345) [surefire-booter-3.0.0-M3.jar:3.0.0-M3]
	at org.apache.maven.surefire.booter.ForkedBooter.execute(ForkedBooter.java:126) [surefire-booter-3.0.0-M3.jar:3.0.0-M3]
	at org.apache.maven.surefire.booter.ForkedBooter.main(ForkedBooter.java:418) [surefire-booter-3.0.0-M3.jar:3.0.0-M3]
11:23:32.666 [Lutece-MainThread] ERROR lutece.error - Error loading property file : /home/dev/DEV/workspace/plugin-lutece/CGI/lutece-cms-plugin-contact/target/lutece/WEB-INF/conf/search.properties (Aucun fichier ou dossier de ce type)
java.io.FileNotFoundException: /home/dev/DEV/workspace/plugin-lutece/CGI/lutece-cms-plugin-contact/target/lutece/WEB-INF/conf/search.properties (Aucun fichier ou dossier de ce type)
	at java.io.FileInputStream.open0(Native Method) ~[?:1.8.0_332]
	at java.io.FileInputStream.open(FileInputStream.java:195) ~[?:1.8.0_332]
	at java.io.FileInputStream.<init>(FileInputStream.java:138) ~[?:1.8.0_332]
	at fr.paris.lutece.util.PropertiesService.loadFile(PropertiesService.java:141) [lutece-core-7.0.11-SNAPSHOT.jar:?]
	at fr.paris.lutece.util.PropertiesService.loadFile(PropertiesService.java:126) [lutece-core-7.0.11-SNAPSHOT.jar:?]
	at fr.paris.lutece.util.PropertiesService.addPropertiesFile(PropertiesService.java:86) [lutece-core-7.0.11-SNAPSHOT.jar:?]
	at fr.paris.lutece.util.AppInitPropertiesService.init(AppInitPropertiesService.java:83) [lutece-core-7.0.11-SNAPSHOT.jar:?]
	at fr.paris.lutece.portal.service.util.AppPropertiesService.init(AppPropertiesService.java:73) [lutece-core-7.0.11-SNAPSHOT.jar:?]
	at fr.paris.lutece.portal.service.init.AppInit.initServices(AppInit.java:134) [lutece-core-7.0.11-SNAPSHOT.jar:?]
	at fr.paris.lutece.portal.service.init.AppInit.initServices(AppInit.java:112) [lutece-core-7.0.11-SNAPSHOT.jar:?]
	at fr.paris.lutece.test.LuteceTestCase.setUp(LuteceTestCase.java:104) [library-lutece-unit-testing-4.1.1.jar:?]
	at junit.framework.TestCase.runBare(TestCase.java:140) [junit-4.13.2.jar:4.13.2]
	at junit.framework.TestResult$1.protect(TestResult.java:122) [junit-4.13.2.jar:4.13.2]
	at junit.framework.TestResult.runProtected(TestResult.java:142) [junit-4.13.2.jar:4.13.2]
	at junit.framework.TestResult.run(TestResult.java:125) [junit-4.13.2.jar:4.13.2]
	at junit.framework.TestCase.run(TestCase.java:130) [junit-4.13.2.jar:4.13.2]
	at junit.framework.TestSuite.runTest(TestSuite.java:241) [junit-4.13.2.jar:4.13.2]
	at junit.framework.TestSuite.run(TestSuite.java:236) [junit-4.13.2.jar:4.13.2]
	at org.junit.internal.runners.JUnit38ClassRunner.run(JUnit38ClassRunner.java:90) [junit-4.13.2.jar:4.13.2]
	at org.apache.maven.surefire.junit4.JUnit4Provider.execute(JUnit4Provider.java:365) [surefire-junit4-3.0.0-M3.jar:3.0.0-M3]
	at org.apache.maven.surefire.junit4.JUnit4Provider.executeWithRerun(JUnit4Provider.java:273) [surefire-junit4-3.0.0-M3.jar:3.0.0-M3]
	at org.apache.maven.surefire.junit4.JUnit4Provider.executeTestSet(JUnit4Provider.java:238) [surefire-junit4-3.0.0-M3.jar:3.0.0-M3]
	at org.apache.maven.surefire.junit4.JUnit4Provider.invoke(JUnit4Provider.java:159) [surefire-junit4-3.0.0-M3.jar:3.0.0-M3]
	at org.apache.maven.surefire.booter.ForkedBooter.invokeProviderInSameClassLoader(ForkedBooter.java:384) [surefire-booter-3.0.0-M3.jar:3.0.0-M3]
	at org.apache.maven.surefire.booter.ForkedBooter.runSuitesInProcess(ForkedBooter.java:345) [surefire-booter-3.0.0-M3.jar:3.0.0-M3]
	at org.apache.maven.surefire.booter.ForkedBooter.execute(ForkedBooter.java:126) [surefire-booter-3.0.0-M3.jar:3.0.0-M3]
	at org.apache.maven.surefire.booter.ForkedBooter.main(ForkedBooter.java:418) [surefire-booter-3.0.0-M3.jar:3.0.0-M3]
11:23:32.675 [Lutece-MainThread] ERROR lutece.error - Error loading property file : /home/dev/DEV/workspace/plugin-lutece/CGI/lutece-cms-plugin-contact/target/lutece/WEB-INF/conf/daemons.properties (Aucun fichier ou dossier de ce type)
java.io.FileNotFoundException: /home/dev/DEV/workspace/plugin-lutece/CGI/lutece-cms-plugin-contact/target/lutece/WEB-INF/conf/daemons.properties (Aucun fichier ou dossier de ce type)
	at java.io.FileInputStream.open0(Native Method) ~[?:1.8.0_332]
	at java.io.FileInputStream.open(FileInputStream.java:195) ~[?:1.8.0_332]
	at java.io.FileInputStream.<init>(FileInputStream.java:138) ~[?:1.8.0_332]
	at fr.paris.lutece.util.PropertiesService.loadFile(PropertiesService.java:141) [lutece-core-7.0.11-SNAPSHOT.jar:?]
	at fr.paris.lutece.util.PropertiesService.loadFile(PropertiesService.java:126) [lutece-core-7.0.11-SNAPSHOT.jar:?]
	at fr.paris.lutece.util.PropertiesService.addPropertiesFile(PropertiesService.java:86) [lutece-core-7.0.11-SNAPSHOT.jar:?]
	at fr.paris.lutece.util.AppInitPropertiesService.init(AppInitPropertiesService.java:84) [lutece-core-7.0.11-SNAPSHOT.jar:?]
	at fr.paris.lutece.portal.service.util.AppPropertiesService.init(AppPropertiesService.java:73) [lutece-core-7.0.11-SNAPSHOT.jar:?]
	at fr.paris.lutece.portal.service.init.AppInit.initServices(AppInit.java:134) [lutece-core-7.0.11-SNAPSHOT.jar:?]
	at fr.paris.lutece.portal.service.init.AppInit.initServices(AppInit.java:112) [lutece-core-7.0.11-SNAPSHOT.jar:?]
	at fr.paris.lutece.test.LuteceTestCase.setUp(LuteceTestCase.java:104) [library-lutece-unit-testing-4.1.1.jar:?]
	at junit.framework.TestCase.runBare(TestCase.java:140) [junit-4.13.2.jar:4.13.2]
	at junit.framework.TestResult$1.protect(TestResult.java:122) [junit-4.13.2.jar:4.13.2]
	at junit.framework.TestResult.runProtected(TestResult.java:142) [junit-4.13.2.jar:4.13.2]
	at junit.framework.TestResult.run(TestResult.java:125) [junit-4.13.2.jar:4.13.2]
	at junit.framework.TestCase.run(TestCase.java:130) [junit-4.13.2.jar:4.13.2]
	at junit.framework.TestSuite.runTest(TestSuite.java:241) [junit-4.13.2.jar:4.13.2]
	at junit.framework.TestSuite.run(TestSuite.java:236) [junit-4.13.2.jar:4.13.2]
	at org.junit.internal.runners.JUnit38ClassRunner.run(JUnit38ClassRunner.java:90) [junit-4.13.2.jar:4.13.2]
	at org.apache.maven.surefire.junit4.JUnit4Provider.execute(JUnit4Provider.java:365) [surefire-junit4-3.0.0-M3.jar:3.0.0-M3]
	at org.apache.maven.surefire.junit4.JUnit4Provider.executeWithRerun(JUnit4Provider.java:273) [surefire-junit4-3.0.0-M3.jar:3.0.0-M3]
	at org.apache.maven.surefire.junit4.JUnit4Provider.executeTestSet(JUnit4Provider.java:238) [surefire-junit4-3.0.0-M3.jar:3.0.0-M3]
	at org.apache.maven.surefire.junit4.JUnit4Provider.invoke(JUnit4Provider.java:159) [surefire-junit4-3.0.0-M3.jar:3.0.0-M3]
	at org.apache.maven.surefire.booter.ForkedBooter.invokeProviderInSameClassLoader(ForkedBooter.java:384) [surefire-booter-3.0.0-M3.jar:3.0.0-M3]
	at org.apache.maven.surefire.booter.ForkedBooter.runSuitesInProcess(ForkedBooter.java:345) [surefire-booter-3.0.0-M3.jar:3.0.0-M3]
	at org.apache.maven.surefire.booter.ForkedBooter.execute(ForkedBooter.java:126) [surefire-booter-3.0.0-M3.jar:3.0.0-M3]
	at org.apache.maven.surefire.booter.ForkedBooter.main(ForkedBooter.java:418) [surefire-booter-3.0.0-M3.jar:3.0.0-M3]
11:23:32.678 [Lutece-MainThread] ERROR lutece.error - Error loading property file : /home/dev/DEV/workspace/plugin-lutece/CGI/lutece-cms-plugin-contact/target/lutece/WEB-INF/conf/caches.properties (Aucun fichier ou dossier de ce type)
java.io.FileNotFoundException: /home/dev/DEV/workspace/plugin-lutece/CGI/lutece-cms-plugin-contact/target/lutece/WEB-INF/conf/caches.properties (Aucun fichier ou dossier de ce type)
	at java.io.FileInputStream.open0(Native Method) ~[?:1.8.0_332]
	at java.io.FileInputStream.open(FileInputStream.java:195) ~[?:1.8.0_332]
	at java.io.FileInputStream.<init>(FileInputStream.java:138) ~[?:1.8.0_332]
	at fr.paris.lutece.util.PropertiesService.loadFile(PropertiesService.java:141) [lutece-core-7.0.11-SNAPSHOT.jar:?]
	at fr.paris.lutece.util.PropertiesService.loadFile(PropertiesService.java:126) [lutece-core-7.0.11-SNAPSHOT.jar:?]
	at fr.paris.lutece.util.PropertiesService.addPropertiesFile(PropertiesService.java:86) [lutece-core-7.0.11-SNAPSHOT.jar:?]
	at fr.paris.lutece.util.AppInitPropertiesService.init(AppInitPropertiesService.java:85) [lutece-core-7.0.11-SNAPSHOT.jar:?]
	at fr.paris.lutece.portal.service.util.AppPropertiesService.init(AppPropertiesService.java:73) [lutece-core-7.0.11-SNAPSHOT.jar:?]
	at fr.paris.lutece.portal.service.init.AppInit.initServices(AppInit.java:134) [lutece-core-7.0.11-SNAPSHOT.jar:?]
	at fr.paris.lutece.portal.service.init.AppInit.initServices(AppInit.java:112) [lutece-core-7.0.11-SNAPSHOT.jar:?]
	at fr.paris.lutece.test.LuteceTestCase.setUp(LuteceTestCase.java:104) [library-lutece-unit-testing-4.1.1.jar:?]
	at junit.framework.TestCase.runBare(TestCase.java:140) [junit-4.13.2.jar:4.13.2]
	at junit.framework.TestResult$1.protect(TestResult.java:122) [junit-4.13.2.jar:4.13.2]
	at junit.framework.TestResult.runProtected(TestResult.java:142) [junit-4.13.2.jar:4.13.2]
	at junit.framework.TestResult.run(TestResult.java:125) [junit-4.13.2.jar:4.13.2]
	at junit.framework.TestCase.run(TestCase.java:130) [junit-4.13.2.jar:4.13.2]
	at junit.framework.TestSuite.runTest(TestSuite.java:241) [junit-4.13.2.jar:4.13.2]
	at junit.framework.TestSuite.run(TestSuite.java:236) [junit-4.13.2.jar:4.13.2]
	at org.junit.internal.runners.JUnit38ClassRunner.run(JUnit38ClassRunner.java:90) [junit-4.13.2.jar:4.13.2]
	at org.apache.maven.surefire.junit4.JUnit4Provider.execute(JUnit4Provider.java:365) [surefire-junit4-3.0.0-M3.jar:3.0.0-M3]
	at org.apache.maven.surefire.junit4.JUnit4Provider.executeWithRerun(JUnit4Provider.java:273) [surefire-junit4-3.0.0-M3.jar:3.0.0-M3]
	at org.apache.maven.surefire.junit4.JUnit4Provider.executeTestSet(JUnit4Provider.java:238) [surefire-junit4-3.0.0-M3.jar:3.0.0-M3]
	at org.apache.maven.surefire.junit4.JUnit4Provider.invoke(JUnit4Provider.java:159) [surefire-junit4-3.0.0-M3.jar:3.0.0-M3]
	at org.apache.maven.surefire.booter.ForkedBooter.invokeProviderInSameClassLoader(ForkedBooter.java:384) [surefire-booter-3.0.0-M3.jar:3.0.0-M3]
	at org.apache.maven.surefire.booter.ForkedBooter.runSuitesInProcess(ForkedBooter.java:345) [surefire-booter-3.0.0-M3.jar:3.0.0-M3]
	at org.apache.maven.surefire.booter.ForkedBooter.execute(ForkedBooter.java:126) [surefire-booter-3.0.0-M3.jar:3.0.0-M3]
	at org.apache.maven.surefire.booter.ForkedBooter.main(ForkedBooter.java:418) [surefire-booter-3.0.0-M3.jar:3.0.0-M3]
11:23:32.685 [Lutece-MainThread] ERROR lutece.error - Error loading property file : /home/dev/DEV/workspace/plugin-lutece/CGI/lutece-cms-plugin-contact/target/lutece/WEB-INF/conf/editors.properties (Aucun fichier ou dossier de ce type)
java.io.FileNotFoundException: /home/dev/DEV/workspace/plugin-lutece/CGI/lutece-cms-plugin-contact/target/lutece/WEB-INF/conf/editors.properties (Aucun fichier ou dossier de ce type)
	at java.io.FileInputStream.open0(Native Method) ~[?:1.8.0_332]
	at java.io.FileInputStream.open(FileInputStream.java:195) ~[?:1.8.0_332]
	at java.io.FileInputStream.<init>(FileInputStream.java:138) ~[?:1.8.0_332]
	at fr.paris.lutece.util.PropertiesService.loadFile(PropertiesService.java:141) [lutece-core-7.0.11-SNAPSHOT.jar:?]
	at fr.paris.lutece.util.PropertiesService.loadFile(PropertiesService.java:126) [lutece-core-7.0.11-SNAPSHOT.jar:?]
	at fr.paris.lutece.util.PropertiesService.addPropertiesFile(PropertiesService.java:86) [lutece-core-7.0.11-SNAPSHOT.jar:?]
	at fr.paris.lutece.util.AppInitPropertiesService.init(AppInitPropertiesService.java:86) [lutece-core-7.0.11-SNAPSHOT.jar:?]
	at fr.paris.lutece.portal.service.util.AppPropertiesService.init(AppPropertiesService.java:73) [lutece-core-7.0.11-SNAPSHOT.jar:?]
	at fr.paris.lutece.portal.service.init.AppInit.initServices(AppInit.java:134) [lutece-core-7.0.11-SNAPSHOT.jar:?]
	at fr.paris.lutece.portal.service.init.AppInit.initServices(AppInit.java:112) [lutece-core-7.0.11-SNAPSHOT.jar:?]
	at fr.paris.lutece.test.LuteceTestCase.setUp(LuteceTestCase.java:104) [library-lutece-unit-testing-4.1.1.jar:?]
	at junit.framework.TestCase.runBare(TestCase.java:140) [junit-4.13.2.jar:4.13.2]
	at junit.framework.TestResult$1.protect(TestResult.java:122) [junit-4.13.2.jar:4.13.2]
	at junit.framework.TestResult.runProtected(TestResult.java:142) [junit-4.13.2.jar:4.13.2]
	at junit.framework.TestResult.run(TestResult.java:125) [junit-4.13.2.jar:4.13.2]
	at junit.framework.TestCase.run(TestCase.java:130) [junit-4.13.2.jar:4.13.2]
	at junit.framework.TestSuite.runTest(TestSuite.java:241) [junit-4.13.2.jar:4.13.2]
	at junit.framework.TestSuite.run(TestSuite.java:236) [junit-4.13.2.jar:4.13.2]
	at org.junit.internal.runners.JUnit38ClassRunner.run(JUnit38ClassRunner.java:90) [junit-4.13.2.jar:4.13.2]
	at org.apache.maven.surefire.junit4.JUnit4Provider.execute(JUnit4Provider.java:365) [surefire-junit4-3.0.0-M3.jar:3.0.0-M3]
	at org.apache.maven.surefire.junit4.JUnit4Provider.executeWithRerun(JUnit4Provider.java:273) [surefire-junit4-3.0.0-M3.jar:3.0.0-M3]
	at org.apache.maven.surefire.junit4.JUnit4Provider.executeTestSet(JUnit4Provider.java:238) [surefire-junit4-3.0.0-M3.jar:3.0.0-M3]
	at org.apache.maven.surefire.junit4.JUnit4Provider.invoke(JUnit4Provider.java:159) [surefire-junit4-3.0.0-M3.jar:3.0.0-M3]
	at org.apache.maven.surefire.booter.ForkedBooter.invokeProviderInSameClassLoader(ForkedBooter.java:384) [surefire-booter-3.0.0-M3.jar:3.0.0-M3]
	at org.apache.maven.surefire.booter.ForkedBooter.runSuitesInProcess(ForkedBooter.java:345) [surefire-booter-3.0.0-M3.jar:3.0.0-M3]
	at org.apache.maven.surefire.booter.ForkedBooter.execute(ForkedBooter.java:126) [surefire-booter-3.0.0-M3.jar:3.0.0-M3]
	at org.apache.maven.surefire.booter.ForkedBooter.main(ForkedBooter.java:418) [surefire-booter-3.0.0-M3.jar:3.0.0-M3]
]]></system-out>
  </testcase>
  <testcase name="testDoModifyContact" classname="fr.paris.lutece.plugins.contact.web.ContactJspBeanTest" time="0.245">
    <error type="java.lang.NullPointerException">java.lang.NullPointerException
</error>
    <system-out><![CDATA[-------------resourcesDir------------/home/dev/DEV/workspace/plugin-lutece/CGI/lutece-cms-plugin-contact/target/lutece/
11:23:32.697 [Lutece-MainThread] ERROR lutece.error - Error loading property file : /home/dev/DEV/workspace/plugin-lutece/CGI/lutece-cms-plugin-contact/target/lutece/WEB-INF/conf/config.properties (Aucun fichier ou dossier de ce type)
java.io.FileNotFoundException: /home/dev/DEV/workspace/plugin-lutece/CGI/lutece-cms-plugin-contact/target/lutece/WEB-INF/conf/config.properties (Aucun fichier ou dossier de ce type)
	at java.io.FileInputStream.open0(Native Method) ~[?:1.8.0_332]
	at java.io.FileInputStream.open(FileInputStream.java:195) ~[?:1.8.0_332]
	at java.io.FileInputStream.<init>(FileInputStream.java:138) ~[?:1.8.0_332]
	at fr.paris.lutece.util.PropertiesService.loadFile(PropertiesService.java:141) [lutece-core-7.0.11-SNAPSHOT.jar:?]
	at fr.paris.lutece.util.PropertiesService.loadFile(PropertiesService.java:126) [lutece-core-7.0.11-SNAPSHOT.jar:?]
	at fr.paris.lutece.util.PropertiesService.addPropertiesFile(PropertiesService.java:86) [lutece-core-7.0.11-SNAPSHOT.jar:?]
	at fr.paris.lutece.util.AppInitPropertiesService.init(AppInitPropertiesService.java:80) [lutece-core-7.0.11-SNAPSHOT.jar:?]
	at fr.paris.lutece.portal.service.util.AppPropertiesService.init(AppPropertiesService.java:73) [lutece-core-7.0.11-SNAPSHOT.jar:?]
	at fr.paris.lutece.portal.service.init.AppInit.initServices(AppInit.java:134) [lutece-core-7.0.11-SNAPSHOT.jar:?]
	at fr.paris.lutece.portal.service.init.AppInit.initServices(AppInit.java:112) [lutece-core-7.0.11-SNAPSHOT.jar:?]
	at fr.paris.lutece.test.LuteceTestCase.setUp(LuteceTestCase.java:104) [library-lutece-unit-testing-4.1.1.jar:?]
	at junit.framework.TestCase.runBare(TestCase.java:140) [junit-4.13.2.jar:4.13.2]
	at junit.framework.TestResult$1.protect(TestResult.java:122) [junit-4.13.2.jar:4.13.2]
	at junit.framework.TestResult.runProtected(TestResult.java:142) [junit-4.13.2.jar:4.13.2]
	at junit.framework.TestResult.run(TestResult.java:125) [junit-4.13.2.jar:4.13.2]
	at junit.framework.TestCase.run(TestCase.java:130) [junit-4.13.2.jar:4.13.2]
	at junit.framework.TestSuite.runTest(TestSuite.java:241) [junit-4.13.2.jar:4.13.2]
	at junit.framework.TestSuite.run(TestSuite.java:236) [junit-4.13.2.jar:4.13.2]
	at org.junit.internal.runners.JUnit38ClassRunner.run(JUnit38ClassRunner.java:90) [junit-4.13.2.jar:4.13.2]
	at org.apache.maven.surefire.junit4.JUnit4Provider.execute(JUnit4Provider.java:365) [surefire-junit4-3.0.0-M3.jar:3.0.0-M3]
	at org.apache.maven.surefire.junit4.JUnit4Provider.executeWithRerun(JUnit4Provider.java:273) [surefire-junit4-3.0.0-M3.jar:3.0.0-M3]
	at org.apache.maven.surefire.junit4.JUnit4Provider.executeTestSet(JUnit4Provider.java:238) [surefire-junit4-3.0.0-M3.jar:3.0.0-M3]
	at org.apache.maven.surefire.junit4.JUnit4Provider.invoke(JUnit4Provider.java:159) [surefire-junit4-3.0.0-M3.jar:3.0.0-M3]
	at org.apache.maven.surefire.booter.ForkedBooter.invokeProviderInSameClassLoader(ForkedBooter.java:384) [surefire-booter-3.0.0-M3.jar:3.0.0-M3]
	at org.apache.maven.surefire.booter.ForkedBooter.runSuitesInProcess(ForkedBooter.java:345) [surefire-booter-3.0.0-M3.jar:3.0.0-M3]
	at org.apache.maven.surefire.booter.ForkedBooter.execute(ForkedBooter.java:126) [surefire-booter-3.0.0-M3.jar:3.0.0-M3]
	at org.apache.maven.surefire.booter.ForkedBooter.main(ForkedBooter.java:418) [surefire-booter-3.0.0-M3.jar:3.0.0-M3]
11:23:32.702 [Lutece-MainThread] ERROR lutece.error - Error loading property file : /home/dev/DEV/workspace/plugin-lutece/CGI/lutece-cms-plugin-contact/target/lutece/WEB-INF/conf/db.properties (Aucun fichier ou dossier de ce type)
java.io.FileNotFoundException: /home/dev/DEV/workspace/plugin-lutece/CGI/lutece-cms-plugin-contact/target/lutece/WEB-INF/conf/db.properties (Aucun fichier ou dossier de ce type)
	at java.io.FileInputStream.open0(Native Method) ~[?:1.8.0_332]
	at java.io.FileInputStream.open(FileInputStream.java:195) ~[?:1.8.0_332]
	at java.io.FileInputStream.<init>(FileInputStream.java:138) ~[?:1.8.0_332]
	at fr.paris.lutece.util.PropertiesService.loadFile(PropertiesService.java:141) [lutece-core-7.0.11-SNAPSHOT.jar:?]
	at fr.paris.lutece.util.PropertiesService.loadFile(PropertiesService.java:126) [lutece-core-7.0.11-SNAPSHOT.jar:?]
	at fr.paris.lutece.util.PropertiesService.addPropertiesFile(PropertiesService.java:86) [lutece-core-7.0.11-SNAPSHOT.jar:?]
	at fr.paris.lutece.util.AppInitPropertiesService.init(AppInitPropertiesService.java:81) [lutece-core-7.0.11-SNAPSHOT.jar:?]
	at fr.paris.lutece.portal.service.util.AppPropertiesService.init(AppPropertiesService.java:73) [lutece-core-7.0.11-SNAPSHOT.jar:?]
	at fr.paris.lutece.portal.service.init.AppInit.initServices(AppInit.java:134) [lutece-core-7.0.11-SNAPSHOT.jar:?]
	at fr.paris.lutece.portal.service.init.AppInit.initServices(AppInit.java:112) [lutece-core-7.0.11-SNAPSHOT.jar:?]
	at fr.paris.lutece.test.LuteceTestCase.setUp(LuteceTestCase.java:104) [library-lutece-unit-testing-4.1.1.jar:?]
	at junit.framework.TestCase.runBare(TestCase.java:140) [junit-4.13.2.jar:4.13.2]
	at junit.framework.TestResult$1.protect(TestResult.java:122) [junit-4.13.2.jar:4.13.2]
	at junit.framework.TestResult.runProtected(TestResult.java:142) [junit-4.13.2.jar:4.13.2]
	at junit.framework.TestResult.run(TestResult.java:125) [junit-4.13.2.jar:4.13.2]
	at junit.framework.TestCase.run(TestCase.java:130) [junit-4.13.2.jar:4.13.2]
	at junit.framework.TestSuite.runTest(TestSuite.java:241) [junit-4.13.2.jar:4.13.2]
	at junit.framework.TestSuite.run(TestSuite.java:236) [junit-4.13.2.jar:4.13.2]
	at org.junit.internal.runners.JUnit38ClassRunner.run(JUnit38ClassRunner.java:90) [junit-4.13.2.jar:4.13.2]
	at org.apache.maven.surefire.junit4.JUnit4Provider.execute(JUnit4Provider.java:365) [surefire-junit4-3.0.0-M3.jar:3.0.0-M3]
	at org.apache.maven.surefire.junit4.JUnit4Provider.executeWithRerun(JUnit4Provider.java:273) [surefire-junit4-3.0.0-M3.jar:3.0.0-M3]
	at org.apache.maven.surefire.junit4.JUnit4Provider.executeTestSet(JUnit4Provider.java:238) [surefire-junit4-3.0.0-M3.jar:3.0.0-M3]
	at org.apache.maven.surefire.junit4.JUnit4Provider.invoke(JUnit4Provider.java:159) [surefire-junit4-3.0.0-M3.jar:3.0.0-M3]
	at org.apache.maven.surefire.booter.ForkedBooter.invokeProviderInSameClassLoader(ForkedBooter.java:384) [surefire-booter-3.0.0-M3.jar:3.0.0-M3]
	at org.apache.maven.surefire.booter.ForkedBooter.runSuitesInProcess(ForkedBooter.java:345) [surefire-booter-3.0.0-M3.jar:3.0.0-M3]
	at org.apache.maven.surefire.booter.ForkedBooter.execute(ForkedBooter.java:126) [surefire-booter-3.0.0-M3.jar:3.0.0-M3]
	at org.apache.maven.surefire.booter.ForkedBooter.main(ForkedBooter.java:418) [surefire-booter-3.0.0-M3.jar:3.0.0-M3]
11:23:32.712 [Lutece-MainThread] ERROR lutece.error - Error loading property file : /home/dev/DEV/workspace/plugin-lutece/CGI/lutece-cms-plugin-contact/target/lutece/WEB-INF/conf/lutece.properties (Aucun fichier ou dossier de ce type)
java.io.FileNotFoundException: /home/dev/DEV/workspace/plugin-lutece/CGI/lutece-cms-plugin-contact/target/lutece/WEB-INF/conf/lutece.properties (Aucun fichier ou dossier de ce type)
	at java.io.FileInputStream.open0(Native Method) ~[?:1.8.0_332]
	at java.io.FileInputStream.open(FileInputStream.java:195) ~[?:1.8.0_332]
	at java.io.FileInputStream.<init>(FileInputStream.java:138) ~[?:1.8.0_332]
	at fr.paris.lutece.util.PropertiesService.loadFile(PropertiesService.java:141) [lutece-core-7.0.11-SNAPSHOT.jar:?]
	at fr.paris.lutece.util.PropertiesService.loadFile(PropertiesService.java:126) [lutece-core-7.0.11-SNAPSHOT.jar:?]
	at fr.paris.lutece.util.PropertiesService.addPropertiesFile(PropertiesService.java:86) [lutece-core-7.0.11-SNAPSHOT.jar:?]
	at fr.paris.lutece.util.AppInitPropertiesService.init(AppInitPropertiesService.java:82) [lutece-core-7.0.11-SNAPSHOT.jar:?]
	at fr.paris.lutece.portal.service.util.AppPropertiesService.init(AppPropertiesService.java:73) [lutece-core-7.0.11-SNAPSHOT.jar:?]
	at fr.paris.lutece.portal.service.init.AppInit.initServices(AppInit.java:134) [lutece-core-7.0.11-SNAPSHOT.jar:?]
	at fr.paris.lutece.portal.service.init.AppInit.initServices(AppInit.java:112) [lutece-core-7.0.11-SNAPSHOT.jar:?]
	at fr.paris.lutece.test.LuteceTestCase.setUp(LuteceTestCase.java:104) [library-lutece-unit-testing-4.1.1.jar:?]
	at junit.framework.TestCase.runBare(TestCase.java:140) [junit-4.13.2.jar:4.13.2]
	at junit.framework.TestResult$1.protect(TestResult.java:122) [junit-4.13.2.jar:4.13.2]
	at junit.framework.TestResult.runProtected(TestResult.java:142) [junit-4.13.2.jar:4.13.2]
	at junit.framework.TestResult.run(TestResult.java:125) [junit-4.13.2.jar:4.13.2]
[...]
11:23:32.844 [Lutece-MainThread] ERROR lutece.error - Error loading property file : /home/dev/DEV/workspace/plugin-lutece/CGI/lutece-cms-plugin-contact/target/lutece/WEB-INF/conf/db.properties (Aucun fichier ou dossier de ce type)
java.io.FileNotFoundException: /home/dev/DEV/workspace/plugin-lutece/CGI/lutece-cms-plugin-contact/target/lutece/WEB-INF/conf/db.properties (Aucun fichier ou dossier de ce type)
	at java.io.FileInputStream.open0(Native Method) ~[?:1.8.0_332]
	at java.io.FileInputStream.open(FileInputStream.java:195) ~[?:1.8.0_332]
	at java.io.FileInputStream.<init>(FileInputStream.java:138) ~[?:1.8.0_332]
	at fr.paris.lutece.util.PropertiesService.loadFile(PropertiesService.java:141) [lutece-core-7.0.11-SNAPSHOT.jar:?]
	at fr.paris.lutece.util.PropertiesService.loadFile(PropertiesService.java:126) [lutece-core-7.0.11-SNAPSHOT.jar:?]
	at fr.paris.lutece.util.PropertiesService.addPropertiesFile(PropertiesService.java:86) [lutece-core-7.0.11-SNAPSHOT.jar:?]
	at fr.paris.lutece.util.AppInitPropertiesService.init(AppInitPropertiesService.java:81) [lutece-core-7.0.11-SNAPSHOT.jar:?]
	at fr.paris.lutece.portal.service.util.AppPropertiesService.init(AppPropertiesService.java:73) [lutece-core-7.0.11-SNAPSHOT.jar:?]
	at fr.paris.lutece.portal.service.init.AppInit.initServices(AppInit.java:134) [lutece-core-7.0.11-SNAPSHOT.jar:?]
	at fr.paris.lutece.portal.service.init.AppInit.initServices(AppInit.java:112) [lutece-core-7.0.11-SNAPSHOT.jar:?]
	at fr.paris.lutece.test.LuteceTestCase.setUp(LuteceTestCase.java:104) [library-lutece-unit-testing-4.1.1.jar:?]
	at junit.framework.TestCase.runBare(TestCase.java:140) [junit-4.13.2.jar:4.13.2]
	at junit.framework.TestResult$1.protect(TestResult.java:122) [junit-4.13.2.jar:4.13.2]
	at junit.framework.TestResult.runProtected(TestResult.java:142) [junit-4.13.2.jar:4.13.2]
	at junit.framework.TestResult.run(TestResult.java:125) [junit-4.13.2.jar:4.13.2]
	at junit.framework.TestCase.run(TestCase.java:130) [junit-4.13.2.jar:4.13.2]
	at junit.framework.TestSuite.runTest(TestSuite.java:241) [junit-4.13.2.jar:4.13.2]
	at junit.framework.TestSuite.run(TestSuite.java:236) [junit-4.13.2.jar:4.13.2]
	at org.junit.internal.runners.JUnit38ClassRunner.run(JUnit38ClassRunner.java:90) [junit-4.13.2.jar:4.13.2]
	at org.apache.maven.surefire.junit4.JUnit4Provider.execute(JUnit4Provider.java:365) [surefire-junit4-3.0.0-M3.jar:3.0.0-M3]
	at org.apache.maven.surefire.junit4.JUnit4Provider.executeWithRerun(JUnit4Provider.java:273) [surefire-junit4-3.0.0-M3.jar:3.0.0-M3]
	at org.apache.maven.surefire.junit4.JUnit4Provider.executeTestSet(JUnit4Provider.java:238) [surefire-junit4-3.0.0-M3.jar:3.0.0-M3]
	at org.apache.maven.surefire.junit4.JUnit4Provider.invoke(JUnit4Provider.java:159) [surefire-junit4-3.0.0-M3.jar:3.0.0-M3]
	at org.apache.maven.surefire.booter.ForkedBooter.invokeProviderInSameClassLoader(ForkedBooter.java:384) [surefire-booter-3.0.0-M3.jar:3.0.0-M3]
	at org.apache.maven.surefire.booter.ForkedBooter.runSuitesInProcess(ForkedBooter.java:345) [surefire-booter-3.0.0-M3.jar:3.0.0-M3]
	at org.apache.maven.surefire.booter.ForkedBooter.execute(ForkedBooter.java:126) [surefire-booter-3.0.0-M3.jar:3.0.0-M3]
	at org.apache.maven.surefire.booter.ForkedBooter.main(ForkedBooter.java:418) [surefire-booter-3.0.0-M3.jar:3.0.0-M3]
11:23:32.853 [Lutece-MainThread] ERROR lutece.error - Error loading property file : /home/dev/DEV/workspace/plugin-lutece/CGI/lutece-cms-plugin-contact/target/lutece/WEB-INF/conf/lutece.properties (Aucun fichier ou dossier de ce type)
java.io.FileNotFoundException: /home/dev/DEV/workspace/plugin-lutece/CGI/lutece-cms-plugin-contact/target/lutece/WEB-INF/conf/lutece.properties (Aucun fichier ou dossier de ce type)
	at java.io.FileInputStream.open0(Native Method) ~[?:1.8.0_332]
	at java.io.FileInputStream.open(FileInputStream.java:195) ~[?:1.8.0_332]
	at java.io.FileInputStream.<init>(FileInputStream.java:138) ~[?:1.8.0_332]
	at fr.paris.lutece.util.PropertiesService.loadFile(PropertiesService.java:141) [lutece-core-7.0.11-SNAPSHOT.jar:?]
	at fr.paris.lutece.util.PropertiesService.loadFile(PropertiesService.java:126) [lutece-core-7.0.11-SNAPSHOT.jar:?]
	at fr.paris.lutece.util.PropertiesService.addPropertiesFile(PropertiesService.java:86) [lutece-core-7.0.11-SNAPSHOT.jar:?]
	at fr.paris.lutece.util.AppInitPropertiesService.init(AppInitPropertiesService.java:82) [lutece-core-7.0.11-SNAPSHOT.jar:?]
	at fr.paris.lutece.portal.service.util.AppPropertiesService.init(AppPropertiesService.java:73) [lutece-core-7.0.11-SNAPSHOT.jar:?]
	at fr.paris.lutece.portal.service.init.AppInit.initServices(AppInit.java:134) [lutece-core-7.0.11-SNAPSHOT.jar:?]
	at fr.paris.lutece.portal.service.init.AppInit.initServices(AppInit.java:112) [lutece-core-7.0.11-SNAPSHOT.jar:?]
	at fr.paris.lutece.test.LuteceTestCase.setUp(LuteceTestCase.java:104) [library-lutece-unit-testing-4.1.1.jar:?]
	at junit.framework.TestCase.runBare(TestCase.java:140) [junit-4.13.2.jar:4.13.2]
	at junit.framework.TestResult$1.protect(TestResult.java:122) [junit-4.13.2.jar:4.13.2]
	at junit.framework.TestResult.runProtected(TestResult.java:142) [junit-4.13.2.jar:4.13.2]
	at junit.framework.TestResult.run(TestResult.java:125) [junit-4.13.2.jar:4.13.2]
	at junit.framework.TestCase.run(TestCase.java:130) [junit-4.13.2.jar:4.13.2]
	at junit.framework.TestSuite.runTest(TestSuite.java:241) [junit-4.13.2.jar:4.13.2]
	at junit.framework.TestSuite.run(TestSuite.java:236) [junit-4.13.2.jar:4.13.2]
	at org.junit.internal.runners.JUnit38ClassRunner.run(JUnit38ClassRunner.java:90) [junit-4.13.2.jar:4.13.2]
	at org.apache.maven.surefire.junit4.JUnit4Provider.execute(JUnit4Provider.java:365) [surefire-junit4-3.0.0-M3.jar:3.0.0-M3]
	at org.apache.maven.surefire.junit4.JUnit4Provider.executeWithRerun(JUnit4Provider.java:273) [surefire-junit4-3.0.0-M3.jar:3.0.0-M3]
	at org.apache.maven.surefire.junit4.JUnit4Provider.executeTestSet(JUnit4Provider.java:238) [surefire-junit4-3.0.0-M3.jar:3.0.0-M3]
	at org.apache.maven.surefire.junit4.JUnit4Provider.invoke(JUnit4Provider.java:159) [surefire-junit4-3.0.0-M3.jar:3.0.0-M3]
	at org.apache.maven.surefire.booter.ForkedBooter.invokeProviderInSameClassLoader(ForkedBooter.java:384) [surefire-booter-3.0.0-M3.jar:3.0.0-M3]
	at org.apache.maven.surefire.booter.ForkedBooter.runSuitesInProcess(ForkedBooter.java:345) [surefire-booter-3.0.0-M3.jar:3.0.0-M3]
	at org.apache.maven.surefire.booter.ForkedBooter.execute(ForkedBooter.java:126) [surefire-booter-3.0.0-M3.jar:3.0.0-M3]
	at org.apache.maven.surefire.booter.ForkedBooter.main(ForkedBooter.java:418) [surefire-booter-3.0.0-M3.jar:3.0.0-M3]
11:23:32.858 [Lutece-MainThread] ERROR lutece.error - Error loading property file : /home/dev/DEV/workspace/plugin-lutece/CGI/lutece-cms-plugin-contact/target/lutece/WEB-INF/conf/search.properties (Aucun fichier ou dossier de ce type)
java.io.FileNotFoundException: /home/dev/DEV/workspace/plugin-lutece/CGI/lutece-cms-plugin-contact/target/lutece/WEB-INF/conf/search.properties (Aucun fichier ou dossier de ce type)
	at java.io.FileInputStream.open0(Native Method) ~[?:1.8.0_332]
	at java.io.FileInputStream.open(FileInputStream.java:195) ~[?:1.8.0_332]
	at java.io.FileInputStream.<init>(FileInputStream.java:138) ~[?:1.8.0_332]
	at fr.paris.lutece.util.PropertiesService.loadFile(PropertiesService.java:141) [lutece-core-7.0.11-SNAPSHOT.jar:?]
	at fr.paris.lutece.util.PropertiesService.loadFile(PropertiesService.java:126) [lutece-core-7.0.11-SNAPSHOT.jar:?]
	at fr.paris.lutece.util.PropertiesService.addPropertiesFile(PropertiesService.java:86) [lutece-core-7.0.11-SNAPSHOT.jar:?]
	at fr.paris.lutece.util.AppInitPropertiesService.init(AppInitPropertiesService.java:83) [lutece-core-7.0.11-SNAPSHOT.jar:?]
	at fr.paris.lutece.portal.service.util.AppPropertiesService.init(AppPropertiesService.java:73) [lutece-core-7.0.11-SNAPSHOT.jar:?]
	at fr.paris.lutece.portal.service.init.AppInit.initServices(AppInit.java:134) [lutece-core-7.0.11-SNAPSHOT.jar:?]
	at fr.paris.lutece.portal.service.init.AppInit.initServices(AppInit.java:112) [lutece-core-7.0.11-SNAPSHOT.jar:?]
	at fr.paris.lutece.test.LuteceTestCase.setUp(LuteceTestCase.java:104) [library-lutece-unit-testing-4.1.1.jar:?]
	at junit.framework.TestCase.runBare(TestCase.java:140) [junit-4.13.2.jar:4.13.2]
	at junit.framework.TestResult$1.protect(TestResult.java:122) [junit-4.13.2.jar:4.13.2]
	at junit.framework.TestResult.runProtected(TestResult.java:142) [junit-4.13.2.jar:4.13.2]
	at junit.framework.TestResult.run(TestResult.java:125) [junit-4.13.2.jar:4.13.2]
	at junit.framework.TestCase.run(TestCase.java:130) [junit-4.13.2.jar:4.13.2]
	at junit.framework.TestSuite.runTest(TestSuite.java:241) [junit-4.13.2.jar:4.13.2]
	at junit.framework.TestSuite.run(TestSuite.java:236) [junit-4.13.2.jar:4.13.2]
	at org.junit.internal.runners.JUnit38ClassRunner.run(JUnit38ClassRunner.java:90) [junit-4.13.2.jar:4.13.2]
	at org.apache.maven.surefire.junit4.JUnit4Provider.execute(JUnit4Provider.java:365) [surefire-junit4-3.0.0-M3.jar:3.0.0-M3]
	at org.apache.maven.surefire.junit4.JUnit4Provider.executeWithRerun(JUnit4Provider.java:273) [surefire-junit4-3.0.0-M3.jar:3.0.0-M3]
	at org.apache.maven.surefire.junit4.JUnit4Provider.executeTestSet(JUnit4Provider.java:238) [surefire-junit4-3.0.0-M3.jar:3.0.0-M3]
	at org.apache.maven.surefire.junit4.JUnit4Provider.invoke(JUnit4Provider.java:159) [surefire-junit4-3.0.0-M3.jar:3.0.0-M3]
	at org.apache.maven.surefire.booter.ForkedBooter.invokeProviderInSameClassLoader(ForkedBooter.java:384) [surefire-booter-3.0.0-M3.jar:3.0.0-M3]
	at org.apache.maven.surefire.booter.ForkedBooter.runSuitesInProcess(ForkedBooter.java:345) [surefire-booter-3.0.0-M3.jar:3.0.0-M3]
	at org.apache.maven.surefire.booter.ForkedBooter.execute(ForkedBooter.java:126) [surefire-booter-3.0.0-M3.jar:3.0.0-M3]
	at org.apache.maven.surefire.booter.ForkedBooter.main(ForkedBooter.java:418) [surefire-booter-3.0.0-M3.jar:3.0.0-M3]
11:23:32.868 [Lutece-MainThread] ERROR lutece.error - Error loading property file : /home/dev/DEV/workspace/plugin-lutece/CGI/lutece-cms-plugin-contact/target/lutece/WEB-INF/conf/daemons.properties (Aucun fichier ou dossier de ce type)
java.io.FileNotFoundException: /home/dev/DEV/workspace/plugin-lutece/CGI/lutece-cms-plugin-contact/target/lutece/WEB-INF/conf/daemons.properties (Aucun fichier ou dossier de ce type)
	at java.io.FileInputStream.open0(Native Method) ~[?:1.8.0_332]
	at java.io.FileInputStream.open(FileInputStream.java:195) ~[?:1.8.0_332]
	at java.io.FileInputStream.<init>(FileInputStream.java:138) ~[?:1.8.0_332]
	at fr.paris.lutece.util.PropertiesService.loadFile(PropertiesService.java:141) [lutece-core-7.0.11-SNAPSHOT.jar:?]
	at fr.paris.lutece.util.PropertiesService.loadFile(PropertiesService.java:126) [lutece-core-7.0.11-SNAPSHOT.jar:?]
	at fr.paris.lutece.util.PropertiesService.addPropertiesFile(PropertiesService.java:86) [lutece-core-7.0.11-SNAPSHOT.jar:?]
	at fr.paris.lutece.util.AppInitPropertiesService.init(AppInitPropertiesService.java:84) [lutece-core-7.0.11-SNAPSHOT.jar:?]
	at fr.paris.lutece.portal.service.util.AppPropertiesService.init(AppPropertiesService.java:73) [lutece-core-7.0.11-SNAPSHOT.jar:?]
	at fr.paris.lutece.portal.service.init.AppInit.initServices(AppInit.java:134) [lutece-core-7.0.11-SNAPSHOT.jar:?]
	at fr.paris.lutece.portal.service.init.AppInit.initServices(AppInit.java:112) [lutece-core-7.0.11-SNAPSHOT.jar:?]
	at fr.paris.lutece.test.LuteceTestCase.setUp(LuteceTestCase.java:104) [library-lutece-unit-testing-4.1.1.jar:?]
	at junit.framework.TestCase.runBare(TestCase.java:140) [junit-4.13.2.jar:4.13.2]
	at junit.framework.TestResult$1.protect(TestResult.java:122) [junit-4.13.2.jar:4.13.2]
	at junit.framework.TestResult.runProtected(TestResult.java:142) [junit-4.13.2.jar:4.13.2]
	at junit.framework.TestResult.run(TestResult.java:125) [junit-4.13.2.jar:4.13.2]
	at junit.framework.TestCase.run(TestCase.java:130) [junit-4.13.2.jar:4.13.2]
	at junit.framework.TestSuite.runTest(TestSuite.java:241) [junit-4.13.2.jar:4.13.2]
	at junit.framework.TestSuite.run(TestSuite.java:236) [junit-4.13.2.jar:4.13.2]
	at org.junit.internal.runners.JUnit38ClassRunner.run(JUnit38ClassRunner.java:90) [junit-4.13.2.jar:4.13.2]
	at org.apache.maven.surefire.junit4.JUnit4Provider.execute(JUnit4Provider.java:365) [surefire-junit4-3.0.0-M3.jar:3.0.0-M3]
	at org.apache.maven.surefire.junit4.JUnit4Provider.executeWithRerun(JUnit4Provider.java:273) [surefire-junit4-3.0.0-M3.jar:3.0.0-M3]
	at org.apache.maven.surefire.junit4.JUnit4Provider.executeTestSet(JUnit4Provider.java:238) [surefire-junit4-3.0.0-M3.jar:3.0.0-M3]
	at org.apache.maven.surefire.junit4.JUnit4Provider.invoke(JUnit4Provider.java:159) [surefire-junit4-3.0.0-M3.jar:3.0.0-M3]
	at org.apache.maven.surefire.booter.ForkedBooter.invokeProviderInSameClassLoader(ForkedBooter.java:384) [surefire-booter-3.0.0-M3.jar:3.0.0-M3]
	at org.apache.maven.surefire.booter.ForkedBooter.runSuitesInProcess(ForkedBooter.java:345) [surefire-booter-3.0.0-M3.jar:3.0.0-M3]
	at org.apache.maven.surefire.booter.ForkedBooter.execute(ForkedBooter.java:126) [surefire-booter-3.0.0-M3.jar:3.0.0-M3]
	at org.apache.maven.surefire.booter.ForkedBooter.main(ForkedBooter.java:418) [surefire-booter-3.0.0-M3.jar:3.0.0-M3]
11:23:32.880 [Lutece-MainThread] ERROR lutece.error - Error loading property file : /home/dev/DEV/workspace/plugin-lutece/CGI/lutece-cms-plugin-contact/target/lutece/WEB-INF/conf/caches.properties (Aucun fichier ou dossier de ce type)
java.io.FileNotFoundException: /home/dev/DEV/workspace/plugin-lutece/CGI/lutece-cms-plugin-contact/target/lutece/WEB-INF/conf/caches.properties (Aucun fichier ou dossier de ce type)
	at java.io.FileInputStream.open0(Native Method) ~[?:1.8.0_332]
	at java.io.FileInputStream.open(FileInputStream.java:195) ~[?:1.8.0_332]
	at java.io.FileInputStream.<init>(FileInputStream.java:138) ~[?:1.8.0_332]
	at fr.paris.lutece.util.PropertiesService.loadFile(PropertiesService.java:141) [lutece-core-7.0.11-SNAPSHOT.jar:?]
	at fr.paris.lutece.util.PropertiesService.loadFile(PropertiesService.java:126) [lutece-core-7.0.11-SNAPSHOT.jar:?]
	at fr.paris.lutece.util.PropertiesService.addPropertiesFile(PropertiesService.java:86) [lutece-core-7.0.11-SNAPSHOT.jar:?]
	at fr.paris.lutece.util.AppInitPropertiesService.init(AppInitPropertiesService.java:85) [lutece-core-7.0.11-SNAPSHOT.jar:?]
	at fr.paris.lutece.portal.service.util.AppPropertiesService.init(AppPropertiesService.java:73) [lutece-core-7.0.11-SNAPSHOT.jar:?]
	at fr.paris.lutece.portal.service.init.AppInit.initServices(AppInit.java:134) [lutece-core-7.0.11-SNAPSHOT.jar:?]
	at fr.paris.lutece.portal.service.init.AppInit.initServices(AppInit.java:112) [lutece-core-7.0.11-SNAPSHOT.jar:?]
	at fr.paris.lutece.test.LuteceTestCase.setUp(LuteceTestCase.java:104) [library-lutece-unit-testing-4.1.1.jar:?]
	at junit.framework.TestCase.runBare(TestCase.java:140) [junit-4.13.2.jar:4.13.2]
	at junit.framework.TestResult$1.protect(TestResult.java:122) [junit-4.13.2.jar:4.13.2]
	at junit.framework.TestResult.runProtected(TestResult.java:142) [junit-4.13.2.jar:4.13.2]
	at junit.framework.TestResult.run(TestResult.java:125) [junit-4.13.2.jar:4.13.2]
	at junit.framework.TestCase.run(TestCase.java:130) [junit-4.13.2.jar:4.13.2]
	at junit.framework.TestSuite.runTest(TestSuite.java:241) [junit-4.13.2.jar:4.13.2]
	at junit.framework.TestSuite.run(TestSuite.java:236) [junit-4.13.2.jar:4.13.2]
	at org.junit.internal.runners.JUnit38ClassRunner.run(JUnit38ClassRunner.java:90) [junit-4.13.2.jar:4.13.2]
	at org.apache.maven.surefire.junit4.JUnit4Provider.execute(JUnit4Provider.java:365) [surefire-junit4-3.0.0-M3.jar:3.0.0-M3]
	at org.apache.maven.surefire.junit4.JUnit4Provider.executeWithRerun(JUnit4Provider.java:273) [surefire-junit4-3.0.0-M3.jar:3.0.0-M3]
	at org.apache.maven.surefire.junit4.JUnit4Provider.executeTestSet(JUnit4Provider.java:238) [surefire-junit4-3.0.0-M3.jar:3.0.0-M3]
	at org.apache.maven.surefire.junit4.JUnit4Provider.invoke(JUnit4Provider.java:159) [surefire-junit4-3.0.0-M3.jar:3.0.0-M3]
	at org.apache.maven.surefire.booter.ForkedBooter.invokeProviderInSameClassLoader(ForkedBooter.java:384) [surefire-booter-3.0.0-M3.jar:3.0.0-M3]
	at org.apache.maven.surefire.booter.ForkedBooter.runSuitesInProcess(ForkedBooter.java:345) [surefire-booter-3.0.0-M3.jar:3.0.0-M3]
	at org.apache.maven.surefire.booter.ForkedBooter.execute(ForkedBooter.java:126) [surefire-booter-3.0.0-M3.jar:3.0.0-M3]
	at org.apache.maven.surefire.booter.ForkedBooter.main(ForkedBooter.java:418) [surefire-booter-3.0.0-M3.jar:3.0.0-M3]
11:23:32.881 [Lutece-MainThread] ERROR lutece.error - Error loading property file : /home/dev/DEV/workspace/plugin-lutece/CGI/lutece-cms-plugin-contact/target/lutece/WEB-INF/conf/editors.properties (Aucun fichier ou dossier de ce type)
java.io.FileNotFoundException: /home/dev/DEV/workspace/plugin-lutece/CGI/lutece-cms-plugin-contact/target/lutece/WEB-INF/conf/editors.properties (Aucun fichier ou dossier de ce type)
	at java.io.FileInputStream.open0(Native Method) ~[?:1.8.0_332]
	at java.io.FileInputStream.open(FileInputStream.java:195) ~[?:1.8.0_332]
	at java.io.FileInputStream.<init>(FileInputStream.java:138) ~[?:1.8.0_332]
	at fr.paris.lutece.util.PropertiesService.loadFile(PropertiesService.java:141) [lutece-core-7.0.11-SNAPSHOT.jar:?]
	at fr.paris.lutece.util.PropertiesService.loadFile(PropertiesService.java:126) [lutece-core-7.0.11-SNAPSHOT.jar:?]
	at fr.paris.lutece.util.PropertiesService.addPropertiesFile(PropertiesService.java:86) [lutece-core-7.0.11-SNAPSHOT.jar:?]
	at fr.paris.lutece.util.AppInitPropertiesService.init(AppInitPropertiesService.java:86) [lutece-core-7.0.11-SNAPSHOT.jar:?]
	at fr.paris.lutece.portal.service.util.AppPropertiesService.init(AppPropertiesService.java:73) [lutece-core-7.0.11-SNAPSHOT.jar:?]
	at fr.paris.lutece.portal.service.init.AppInit.initServices(AppInit.java:134) [lutece-core-7.0.11-SNAPSHOT.jar:?]
	at fr.paris.lutece.portal.service.init.AppInit.initServices(AppInit.java:112) [lutece-core-7.0.11-SNAPSHOT.jar:?]
	at fr.paris.lutece.test.LuteceTestCase.setUp(LuteceTestCase.java:104) [library-lutece-unit-testing-4.1.1.jar:?]
	at junit.framework.TestCase.runBare(TestCase.java:140) [junit-4.13.2.jar:4.13.2]
	at junit.framework.TestResult$1.protect(TestResult.java:122) [junit-4.13.2.jar:4.13.2]
	at junit.framework.TestResult.runProtected(TestResult.java:142) [junit-4.13.2.jar:4.13.2]
	at junit.framework.TestResult.run(TestResult.java:125) [junit-4.13.2.jar:4.13.2]
	at junit.framework.TestCase.run(TestCase.java:130) [junit-4.13.2.jar:4.13.2]
	at junit.framework.TestSuite.runTest(TestSuite.java:241) [junit-4.13.2.jar:4.13.2]
	at junit.framework.TestSuite.run(TestSuite.java:236) [junit-4.13.2.jar:4.13.2]
	at org.junit.internal.runners.JUnit38ClassRunner.run(JUnit38ClassRunner.java:90) [junit-4.13.2.jar:4.13.2]
	at org.apache.maven.surefire.junit4.JUnit4Provider.execute(JUnit4Provider.java:365) [surefire-junit4-3.0.0-M3.jar:3.0.0-M3]
	at org.apache.maven.surefire.junit4.JUnit4Provider.executeWithRerun(JUnit4Provider.java:273) [surefire-junit4-3.0.0-M3.jar:3.0.0-M3]
	at org.apache.maven.surefire.junit4.JUnit4Provider.executeTestSet(JUnit4Provider.java:238) [surefire-junit4-3.0.0-M3.jar:3.0.0-M3]
	at org.apache.maven.surefire.junit4.JUnit4Provider.invoke(JUnit4Provider.java:159) [surefire-junit4-3.0.0-M3.jar:3.0.0-M3]
	at org.apache.maven.surefire.booter.ForkedBooter.invokeProviderInSameClassLoader(ForkedBooter.java:384) [surefire-booter-3.0.0-M3.jar:3.0.0-M3]
	at org.apache.maven.surefire.booter.ForkedBooter.runSuitesInProcess(ForkedBooter.java:345) [surefire-booter-3.0.0-M3.jar:3.0.0-M3]
	at org.apache.maven.surefire.booter.ForkedBooter.execute(ForkedBooter.java:126) [surefire-booter-3.0.0-M3.jar:3.0.0-M3]
	at org.apache.maven.surefire.booter.ForkedBooter.main(ForkedBooter.java:418) [surefire-booter-3.0.0-M3.jar:3.0.0-M3]
]]></system-out>
  </testcase>
</testsuite>